Thu Feb 14 08:24:54 CST 2019
node022.icecube.wisc.edu
Setting up Analysis for:
IC40, IC59, IC79, IC86_2011, IC86_2012_2014
Setting up IC40...
Reading /data/user/mrichman/data/analyses/ps_tracks/current/IC40_MC.npy ...
Reading /data/user/mrichman/data/analyses/ps_tracks/current/IC40_exp.npy ...
<- /data/user/drysewyk/csky_cache/ana_new/IC40.subanalysis.npy ...<- /data/user/drysewyk/csky_cache/ana_new/IC40.subanalysis.npy    
Setting up IC59...
Reading /data/user/mrichman/data/analyses/ps_tracks/current/IC59_MC.npy ...
Reading /data/user/mrichman/data/analyses/ps_tracks/current/IC59_exp.npy ...
<- /data/user/drysewyk/csky_cache/ana_new/IC59.subanalysis.npy ...<- /data/user/drysewyk/csky_cache/ana_new/IC59.subanalysis.npy    
Setting up IC79...
Reading /data/user/mrichman/data/analyses/ps_tracks/current/IC79_MC.npy ...
Reading /data/user/mrichman/data/analyses/ps_tracks/current/IC79_exp.npy ...
<- /data/user/drysewyk/csky_cache/ana_new/IC79.subanalysis.npy ...<- /data/user/drysewyk/csky_cache/ana_new/IC79.subanalysis.npy    
Setting up IC86_2011...
Reading /data/user/mrichman/data/analyses/ps_tracks/current/IC86_2011_MC.npy ...
Reading /data/user/mrichman/data/analyses/ps_tracks/current/IC86_2011_exp.npy ...
<- /data/user/drysewyk/csky_cache/ana_new/IC86_2011.subanalysis.npy ...<- /data/user/drysewyk/csky_cache/ana_new/IC86_2011.subanalysis.npy    
Setting up IC86_2012_2014...
Reading /data/user/mrichman/data/analyses/ps_tracks/current/IC86_2012_MC.npy ...
Reading /data/user/mrichman/data/analyses/ps_tracks/current/IC86_2012_exp.npy ...
Reading /data/user/mrichman/data/analyses/ps_tracks/current/IC86_2013_exp.npy ...
Reading /data/user/mrichman/data/analyses/ps_tracks/current/IC86_2014_exp.npy ...
<- /data/user/drysewyk/csky_cache/ana_new/IC86_2012_2014.subanalysis.npy ...<- /data/user/drysewyk/csky_cache/ana_new/IC86_2012_2014.subanalysis.npy    
Done.
Thu Feb 14 08:25:40 CST 2019
