000 (15894764.000.000) 02/22 13:45:40 Job submitted from host: <10.128.11.86:35145?addrs=10.128.11.86-35145>
...
001 (15894764.000.000) 02/22 13:45:44 Job executing on host: <10.128.10.145:36350?addrs=10.128.10.145-36350>
...
006 (15894764.000.000) 02/22 13:45:46 Image size of job updated: 32740
	0  -  MemoryUsage of job (MB)
	0  -  ResidentSetSize of job (KB)
...
005 (15894764.000.000) 02/22 13:45:46 Job terminated.
	(1) Normal termination (return value 0)
		Usr 0 00:00:00, Sys 0 00:00:00  -  Run Remote Usage
		Usr 0 00:00:00, Sys 0 00:00:00  -  Run Local Usage
		Usr 0 00:00:00, Sys 0 00:00:00  -  Total Remote Usage
		Usr 0 00:00:00, Sys 0 00:00:00  -  Total Local Usage
	0  -  Run Bytes Sent By Job
	0  -  Run Bytes Received By Job
	0  -  Total Bytes Sent By Job
	0  -  Total Bytes Received By Job
	Partitionable Resources :    Usage  Request Allocated 
	   Admin_mutex_1         :                           0 
	   Admin_mutex_2         :                           0 
	   Admin_mutex_3         :                           0 
	   Cpus                  :        0        1         1 
	   Disk (KB)             :        3  1048576   1121562 
	   Gpus                  :                           0 
	   Machine_token         :                           0 
	   Memory (MB)           :        0     1024      1024 
...
