000 (16085891.000.000) 02/26 13:45:50 Job submitted from host: <10.128.11.86:35145?addrs=10.128.11.86-35145>
...
001 (16085891.000.000) 02/26 13:54:18 Job executing on host: <10.128.10.16:55190?addrs=10.128.10.16-55190>
...
006 (16085891.000.000) 02/26 13:54:27 Image size of job updated: 393352
	334  -  MemoryUsage of job (MB)
	341624  -  ResidentSetSize of job (KB)
...
006 (16085891.000.000) 02/26 13:59:27 Image size of job updated: 1870088
	1776  -  MemoryUsage of job (MB)
	1817768  -  ResidentSetSize of job (KB)
...
006 (16085891.000.000) 02/26 14:04:27 Image size of job updated: 2020652
	1923  -  MemoryUsage of job (MB)
	1968332  -  ResidentSetSize of job (KB)
...
006 (16085891.000.000) 02/26 14:14:29 Image size of job updated: 2023364
	1971  -  MemoryUsage of job (MB)
	2017304  -  ResidentSetSize of job (KB)
...
006 (16085891.000.000) 02/26 14:19:29 Image size of job updated: 2023364
	1972  -  MemoryUsage of job (MB)
	2018356  -  ResidentSetSize of job (KB)
...
006 (16085891.000.000) 02/26 14:24:29 Image size of job updated: 2102048
	2047  -  MemoryUsage of job (MB)
	2095988  -  ResidentSetSize of job (KB)
...
006 (16085891.000.000) 02/26 14:44:31 Image size of job updated: 2143848
	2091  -  MemoryUsage of job (MB)
	2140448  -  ResidentSetSize of job (KB)
...
006 (16085891.000.000) 02/26 15:09:35 Image size of job updated: 2219044
	2162  -  MemoryUsage of job (MB)
	2213180  -  ResidentSetSize of job (KB)
...
006 (16085891.000.000) 02/26 15:14:35 Image size of job updated: 2219044
	2166  -  MemoryUsage of job (MB)
	2217708  -  ResidentSetSize of job (KB)
...
005 (16085891.000.000) 02/26 15:33:04 Job terminated.
	(1) Normal termination (return value 0)
		Usr 0 06:56:12, Sys 0 00:17:02  -  Run Remote Usage
		Usr 0 00:00:00, Sys 0 00:00:00  -  Run Local Usage
		Usr 0 06:56:12, Sys 0 00:17:02  -  Total Remote Usage
		Usr 0 00:00:00, Sys 0 00:00:00  -  Total Local Usage
	0  -  Run Bytes Sent By Job
	0  -  Run Bytes Received By Job
	0  -  Total Bytes Sent By Job
	0  -  Total Bytes Received By Job
	Partitionable Resources :    Usage  Request Allocated 
	   Admin_mutex_1         :                           0 
	   Admin_mutex_2         :                           0 
	   Admin_mutex_3         :                           0 
	   Cpus                  :     4.33        5         5 
	   Disk (KB)             :     3     1048576   1612153 
	   Gpus                  :                           0 
	   Machine_token         :                           0 
	   Memory (MB)           :  2166       10240     10240 
...
