000 (15818391.000.000) 02/20 15:24:14 Job submitted from host: <10.128.11.86:35145?addrs=10.128.11.86-35145>
...
001 (15818391.000.000) 02/20 15:26:59 Job executing on host: <10.128.10.25:51753?addrs=10.128.10.25-51753>
...
006 (15818391.000.000) 02/20 15:27:08 Image size of job updated: 356668
	290  -  MemoryUsage of job (MB)
	296572  -  ResidentSetSize of job (KB)
...
006 (15818391.000.000) 02/20 15:32:09 Image size of job updated: 1731700
	1641  -  MemoryUsage of job (MB)
	1680332  -  ResidentSetSize of job (KB)
...
006 (15818391.000.000) 02/20 15:37:09 Image size of job updated: 1979468
	1883  -  MemoryUsage of job (MB)
	1927824  -  ResidentSetSize of job (KB)
...
006 (15818391.000.000) 02/20 15:47:11 Image size of job updated: 2056232
	1957  -  MemoryUsage of job (MB)
	2003924  -  ResidentSetSize of job (KB)
...
005 (15818391.000.000) 02/20 16:17:42 Job terminated.
	(1) Normal termination (return value 0)
		Usr 0 03:14:54, Sys 0 00:11:15  -  Run Remote Usage
		Usr 0 00:00:00, Sys 0 00:00:00  -  Run Local Usage
		Usr 0 03:14:54, Sys 0 00:11:15  -  Total Remote Usage
		Usr 0 00:00:00, Sys 0 00:00:00  -  Total Local Usage
	0  -  Run Bytes Sent By Job
	0  -  Run Bytes Received By Job
	0  -  Total Bytes Sent By Job
	0  -  Total Bytes Received By Job
	Partitionable Resources :    Usage  Request Allocated 
	   Admin_mutex_1         :                           0 
	   Admin_mutex_2         :                           0 
	   Admin_mutex_3         :                           0 
	   Cpus                  :     2.19        5         5 
	   Disk (KB)             :     3     1048576   1612725 
	   Gpus                  :                           0 
	   Machine_token         :                           0 
	   Memory (MB)           :  1957        5120      5120 
...
