000 (15818398.000.000) 02/20 15:24:23 Job submitted from host: <10.128.11.86:35145?addrs=10.128.11.86-35145>
...
001 (15818398.000.000) 02/20 15:26:59 Job executing on host: <10.128.10.61:39929?addrs=10.128.10.61-39929>
...
006 (15818398.000.000) 02/20 15:27:08 Image size of job updated: 312000
	282  -  MemoryUsage of job (MB)
	288380  -  ResidentSetSize of job (KB)
...
006 (15818398.000.000) 02/20 15:32:09 Image size of job updated: 1915660
	1848  -  MemoryUsage of job (MB)
	1891480  -  ResidentSetSize of job (KB)
...
006 (15818398.000.000) 02/20 15:37:10 Image size of job updated: 2012064
	1946  -  MemoryUsage of job (MB)
	1992352  -  ResidentSetSize of job (KB)
...
006 (15818398.000.000) 02/20 15:42:10 Image size of job updated: 2042060
	1975  -  MemoryUsage of job (MB)
	2022188  -  ResidentSetSize of job (KB)
...
006 (15818398.000.000) 02/20 15:47:10 Image size of job updated: 2133984
	2064  -  MemoryUsage of job (MB)
	2113448  -  ResidentSetSize of job (KB)
...
006 (15818398.000.000) 02/20 15:52:11 Image size of job updated: 2349724
	2276  -  MemoryUsage of job (MB)
	2329932  -  ResidentSetSize of job (KB)
...
006 (15818398.000.000) 02/20 16:07:12 Image size of job updated: 2436544
	2378  -  MemoryUsage of job (MB)
	2434088  -  ResidentSetSize of job (KB)
...
006 (15818398.000.000) 02/20 16:12:13 Image size of job updated: 2436544
	2378  -  MemoryUsage of job (MB)
	2434488  -  ResidentSetSize of job (KB)
...
005 (15818398.000.000) 02/20 16:37:54 Job terminated.
	(1) Normal termination (return value 0)
		Usr 0 04:34:55, Sys 0 00:12:58  -  Run Remote Usage
		Usr 0 00:00:00, Sys 0 00:00:00  -  Run Local Usage
		Usr 0 04:34:55, Sys 0 00:12:58  -  Total Remote Usage
		Usr 0 00:00:00, Sys 0 00:00:00  -  Total Local Usage
	0  -  Run Bytes Sent By Job
	0  -  Run Bytes Received By Job
	0  -  Total Bytes Sent By Job
	0  -  Total Bytes Received By Job
	Partitionable Resources :    Usage  Request Allocated 
	   Admin_mutex_1         :                           0 
	   Admin_mutex_2         :                           0 
	   Admin_mutex_3         :                           0 
	   Cpus                  :     4.28        5         5 
	   Disk (KB)             :     3     1048576   3316023 
	   Gpus                  :                           0 
	   Machine_token         :                           0 
	   Memory (MB)           :  2378        5120      5120 
...
