000 (15818407.000.000) 02/20 15:24:50 Job submitted from host: <10.128.11.86:35145?addrs=10.128.11.86-35145>
...
001 (15818407.000.000) 02/20 15:26:59 Job executing on host: <10.128.10.62:60021?addrs=10.128.10.62-60021>
...
006 (15818407.000.000) 02/20 15:27:08 Image size of job updated: 258280
	234  -  MemoryUsage of job (MB)
	239224  -  ResidentSetSize of job (KB)
...
006 (15818407.000.000) 02/20 15:32:09 Image size of job updated: 2401552
	2328  -  MemoryUsage of job (MB)
	2383664  -  ResidentSetSize of job (KB)
...
006 (15818407.000.000) 02/20 15:57:11 Image size of job updated: 2645132
	2582  -  MemoryUsage of job (MB)
	2643508  -  ResidentSetSize of job (KB)
...
006 (15818407.000.000) 02/20 16:12:13 Image size of job updated: 2949392
	2879  -  MemoryUsage of job (MB)
	2947320  -  ResidentSetSize of job (KB)
...
006 (15818407.000.000) 02/20 16:37:15 Image size of job updated: 3216872
	3141  -  MemoryUsage of job (MB)
	3215616  -  ResidentSetSize of job (KB)
...
006 (15818407.000.000) 02/20 17:02:17 Image size of job updated: 3523996
	3440  -  MemoryUsage of job (MB)
	3522136  -  ResidentSetSize of job (KB)
...
006 (15818407.000.000) 02/20 18:27:26 Image size of job updated: 3639372
	3553  -  MemoryUsage of job (MB)
	3637312  -  ResidentSetSize of job (KB)
...
005 (15818407.000.000) 02/20 20:31:16 Job terminated.
	(1) Normal termination (return value 0)
		Usr 0 21:31:14, Sys 0 00:52:50  -  Run Remote Usage
		Usr 0 00:00:00, Sys 0 00:00:00  -  Run Local Usage
		Usr 0 21:31:14, Sys 0 00:52:50  -  Total Remote Usage
		Usr 0 00:00:00, Sys 0 00:00:00  -  Total Local Usage
	0  -  Run Bytes Sent By Job
	0  -  Run Bytes Received By Job
	0  -  Total Bytes Sent By Job
	0  -  Total Bytes Received By Job
	Partitionable Resources :    Usage  Request Allocated 
	   Admin_mutex_1         :                           0 
	   Admin_mutex_2         :                           0 
	   Admin_mutex_3         :                           0 
	   Cpus                  :     4.99        5         5 
	   Disk (KB)             :     3     1048576   3310978 
	   Gpus                  :                           0 
	   Machine_token         :                           0 
	   Memory (MB)           :  3553        5120      5120 
...
