000 (15818094.000.000) 02/20 15:14:56 Job submitted from host: <10.128.11.86:35145?addrs=10.128.11.86-35145>
...
001 (15818094.000.000) 02/20 15:15:57 Job executing on host: <10.128.10.20:42439?addrs=10.128.10.20-42439>
...
006 (15818094.000.000) 02/20 15:16:06 Image size of job updated: 278760
	225  -  MemoryUsage of job (MB)
	229808  -  ResidentSetSize of job (KB)
...
006 (15818094.000.000) 02/20 15:21:07 Image size of job updated: 1904820
	1820  -  MemoryUsage of job (MB)
	1863340  -  ResidentSetSize of job (KB)
...
006 (15818094.000.000) 02/20 15:36:08 Image size of job updated: 2145548
	2092  -  MemoryUsage of job (MB)
	2141560  -  ResidentSetSize of job (KB)
...
006 (15818094.000.000) 02/20 15:51:10 Image size of job updated: 2149264
	2096  -  MemoryUsage of job (MB)
	2145396  -  ResidentSetSize of job (KB)
...
006 (15818094.000.000) 02/20 16:06:11 Image size of job updated: 2298868
	2243  -  MemoryUsage of job (MB)
	2296664  -  ResidentSetSize of job (KB)
...
006 (15818094.000.000) 02/20 16:11:12 Image size of job updated: 2660196
	2595  -  MemoryUsage of job (MB)
	2657240  -  ResidentSetSize of job (KB)
...
006 (15818094.000.000) 02/20 16:31:14 Image size of job updated: 2792120
	2725  -  MemoryUsage of job (MB)
	2789492  -  ResidentSetSize of job (KB)
...
006 (15818094.000.000) 02/20 16:46:15 Image size of job updated: 2835504
	2725  -  MemoryUsage of job (MB)
	2789492  -  ResidentSetSize of job (KB)
...
005 (15818094.000.000) 02/20 17:51:22 Job terminated.
	(1) Normal termination (return value 0)
		Usr 0 11:44:54, Sys 0 00:12:43  -  Run Remote Usage
		Usr 0 00:00:00, Sys 0 00:00:00  -  Run Local Usage
		Usr 0 11:44:54, Sys 0 00:12:43  -  Total Remote Usage
		Usr 0 00:00:00, Sys 0 00:00:00  -  Total Local Usage
	0  -  Run Bytes Sent By Job
	0  -  Run Bytes Received By Job
	0  -  Total Bytes Sent By Job
	0  -  Total Bytes Received By Job
	Partitionable Resources :    Usage  Request Allocated 
	   Admin_mutex_1         :                           0 
	   Admin_mutex_2         :                           0 
	   Admin_mutex_3         :                           0 
	   Cpus                  :     3.17        5         5 
	   Disk (KB)             :     3     1048576   1611464 
	   Gpus                  :                           0 
	   Machine_token         :                           0 
	   Memory (MB)           :  2725        5120      5120 
...
