000 (15818383.000.000) 02/20 15:24:09 Job submitted from host: <10.128.11.86:35145?addrs=10.128.11.86-35145>
...
001 (15818383.000.000) 02/20 15:26:59 Job executing on host: <10.128.10.58:59372?addrs=10.128.10.58-59372>
...
006 (15818383.000.000) 02/20 15:27:07 Image size of job updated: 337748
	242  -  MemoryUsage of job (MB)
	247420  -  ResidentSetSize of job (KB)
...
006 (15818383.000.000) 02/20 15:32:07 Image size of job updated: 1843424
	1719  -  MemoryUsage of job (MB)
	1759992  -  ResidentSetSize of job (KB)
...
006 (15818383.000.000) 02/20 15:37:08 Image size of job updated: 1942556
	1817  -  MemoryUsage of job (MB)
	1860048  -  ResidentSetSize of job (KB)
...
006 (15818383.000.000) 02/20 15:42:09 Image size of job updated: 2078392
	1950  -  MemoryUsage of job (MB)
	1995892  -  ResidentSetSize of job (KB)
...
006 (15818383.000.000) 02/20 16:02:10 Image size of job updated: 2610760
	2469  -  MemoryUsage of job (MB)
	2528144  -  ResidentSetSize of job (KB)
...
006 (15818383.000.000) 02/20 16:07:10 Image size of job updated: 2824976
	2716  -  MemoryUsage of job (MB)
	2780472  -  ResidentSetSize of job (KB)
...
006 (15818383.000.000) 02/20 16:17:12 Image size of job updated: 2975476
	2863  -  MemoryUsage of job (MB)
	2930792  -  ResidentSetSize of job (KB)
...
005 (15818383.000.000) 02/20 17:22:08 Job terminated.
	(1) Normal termination (return value 0)
		Usr 0 08:32:43, Sys 0 00:11:29  -  Run Remote Usage
		Usr 0 00:00:00, Sys 0 00:00:00  -  Run Local Usage
		Usr 0 08:32:43, Sys 0 00:11:29  -  Total Remote Usage
		Usr 0 00:00:00, Sys 0 00:00:00  -  Total Local Usage
	0  -  Run Bytes Sent By Job
	0  -  Run Bytes Received By Job
	0  -  Total Bytes Sent By Job
	0  -  Total Bytes Received By Job
	Partitionable Resources :    Usage  Request Allocated 
	   Admin_mutex_1         :                           0 
	   Admin_mutex_2         :                           0 
	   Admin_mutex_3         :                           0 
	   Cpus                  :     3.18        5         5 
	   Disk (KB)             :     3     1048576   1547023 
	   Gpus                  :                           0 
	   Machine_token         :                           0 
	   Memory (MB)           :  2863        5120      5120 
...
