000 (15350779.000.000) 02/14 09:46:08 Job submitted from host: <10.128.11.86:35145?addrs=10.128.11.86-35145>
...
001 (15350779.000.000) 02/14 09:48:52 Job executing on host: <10.128.10.96:34268?addrs=10.128.10.96-34268>
...
006 (15350779.000.000) 02/14 09:49:01 Image size of job updated: 302956
	252  -  MemoryUsage of job (MB)
	257308  -  ResidentSetSize of job (KB)
...
006 (15350779.000.000) 02/14 09:54:01 Image size of job updated: 1894496
	1805  -  MemoryUsage of job (MB)
	1848024  -  ResidentSetSize of job (KB)
...
006 (15350779.000.000) 02/14 09:59:01 Image size of job updated: 1894496
	1805  -  MemoryUsage of job (MB)
	1848112  -  ResidentSetSize of job (KB)
...
006 (15350779.000.000) 02/14 10:04:02 Image size of job updated: 1996408
	1905  -  MemoryUsage of job (MB)
	1949928  -  ResidentSetSize of job (KB)
...
006 (15350779.000.000) 02/14 10:19:04 Image size of job updated: 2838048
	2769  -  MemoryUsage of job (MB)
	2835220  -  ResidentSetSize of job (KB)
...
005 (15350779.000.000) 02/14 10:46:49 Job terminated.
	(1) Normal termination (return value 0)
		Usr 0 03:59:52, Sys 0 00:09:32  -  Run Remote Usage
		Usr 0 00:00:00, Sys 0 00:00:00  -  Run Local Usage
		Usr 0 03:59:52, Sys 0 00:09:32  -  Total Remote Usage
		Usr 0 00:00:00, Sys 0 00:00:00  -  Total Local Usage
	0  -  Run Bytes Sent By Job
	0  -  Run Bytes Received By Job
	0  -  Total Bytes Sent By Job
	0  -  Total Bytes Received By Job
	Partitionable Resources :    Usage  Request Allocated 
	   Admin_mutex_1         :                           0 
	   Admin_mutex_2         :                           0 
	   Admin_mutex_3         :                           0 
	   Cpus                  :     4.96        5         5 
	   Disk (KB)             :     3     1048576   1304456 
	   Gpus                  :                           0 
	   Machine_token         :                           0 
	   Memory (MB)           :  2769        5120      5120 
...
