000 (15789147.000.000) 02/20 08:24:38 Job submitted from host: <10.128.11.86:35145?addrs=10.128.11.86-35145>
...
001 (15789147.000.000) 02/20 09:00:16 Job executing on host: <10.128.10.49:45606?addrs=10.128.10.49-45606>
...
006 (15789147.000.000) 02/20 09:00:24 Image size of job updated: 534640
	476  -  MemoryUsage of job (MB)
	487072  -  ResidentSetSize of job (KB)
...
006 (15789147.000.000) 02/20 09:05:24 Image size of job updated: 2473808
	2371  -  MemoryUsage of job (MB)
	2427180  -  ResidentSetSize of job (KB)
...
006 (15789147.000.000) 02/20 09:15:25 Image size of job updated: 2832748
	2764  -  MemoryUsage of job (MB)
	2829888  -  ResidentSetSize of job (KB)
...
006 (15789147.000.000) 02/20 09:20:25 Image size of job updated: 2832748
	2766  -  MemoryUsage of job (MB)
	2832332  -  ResidentSetSize of job (KB)
...
006 (15789147.000.000) 02/20 09:35:27 Image size of job updated: 3301596
	3221  -  MemoryUsage of job (MB)
	3298280  -  ResidentSetSize of job (KB)
...
006 (15789147.000.000) 02/20 09:40:28 Image size of job updated: 3711436
	3622  -  MemoryUsage of job (MB)
	3708120  -  ResidentSetSize of job (KB)
...
005 (15789147.000.000) 02/20 10:10:36 Job terminated.
	(1) Normal termination (return value 0)
		Usr 0 05:23:05, Sys 0 00:04:42  -  Run Remote Usage
		Usr 0 00:00:00, Sys 0 00:00:00  -  Run Local Usage
		Usr 0 05:23:05, Sys 0 00:04:42  -  Total Remote Usage
		Usr 0 00:00:00, Sys 0 00:00:00  -  Total Local Usage
	0  -  Run Bytes Sent By Job
	0  -  Run Bytes Received By Job
	0  -  Total Bytes Sent By Job
	0  -  Total Bytes Received By Job
	Partitionable Resources :    Usage  Request Allocated 
	   Admin_mutex_1         :                           0 
	   Admin_mutex_2         :                           0 
	   Admin_mutex_3         :                           0 
	   Cpus                  :     0.49        5         5 
	   Disk (KB)             :     3     1048576   3311728 
	   Gpus                  :                           0 
	   Machine_token         :                           0 
	   Memory (MB)           :  3622        5120      5120 
...
