000 (15340783.000.000) 02/14 08:35:02 Job submitted from host: <10.128.11.86:35145?addrs=10.128.11.86-35145>
...
001 (15340783.000.000) 02/14 08:36:54 Job executing on host: <10.128.10.50:46734?addrs=10.128.10.50-46734>
...
006 (15340783.000.000) 02/14 08:37:02 Image size of job updated: 472392
	407  -  MemoryUsage of job (MB)
	415756  -  ResidentSetSize of job (KB)
...
006 (15340783.000.000) 02/14 08:42:03 Image size of job updated: 2429940
	2325  -  MemoryUsage of job (MB)
	2380248  -  ResidentSetSize of job (KB)
...
006 (15340783.000.000) 02/14 08:52:05 Image size of job updated: 2685208
	2573  -  MemoryUsage of job (MB)
	2634600  -  ResidentSetSize of job (KB)
...
006 (15340783.000.000) 02/14 08:57:05 Image size of job updated: 2685208
	2573  -  MemoryUsage of job (MB)
	2634736  -  ResidentSetSize of job (KB)
...
006 (15340783.000.000) 02/14 09:12:07 Image size of job updated: 2939060
	2855  -  MemoryUsage of job (MB)
	2922744  -  ResidentSetSize of job (KB)
...
005 (15340783.000.000) 02/14 09:30:10 Job terminated.
	(1) Normal termination (return value 0)
		Usr 0 03:49:54, Sys 0 00:06:23  -  Run Remote Usage
		Usr 0 00:00:00, Sys 0 00:00:00  -  Run Local Usage
		Usr 0 03:49:54, Sys 0 00:06:23  -  Total Remote Usage
		Usr 0 00:00:00, Sys 0 00:00:00  -  Total Local Usage
	0  -  Run Bytes Sent By Job
	0  -  Run Bytes Received By Job
	0  -  Total Bytes Sent By Job
	0  -  Total Bytes Received By Job
	Partitionable Resources :    Usage  Request Allocated 
	   Admin_mutex_1         :                           0 
	   Admin_mutex_2         :                           0 
	   Admin_mutex_3         :                           0 
	   Cpus                  :     5.00        5         5 
	   Disk (KB)             :     3     1048576   3318075 
	   Gpus                  :                           0 
	   Machine_token         :                           0 
	   Memory (MB)           :  2855        5120      5120 
...
