000 (15818112.000.000) 02/20 15:15:12 Job submitted from host: <10.128.11.86:35145?addrs=10.128.11.86-35145>
...
001 (15818112.000.000) 02/20 15:15:57 Job executing on host: <10.128.11.31:43284?addrs=10.128.11.31-43284>
...
006 (15818112.000.000) 02/20 15:16:06 Image size of job updated: 339640
	315  -  MemoryUsage of job (MB)
	321844  -  ResidentSetSize of job (KB)
...
006 (15818112.000.000) 02/20 15:21:07 Image size of job updated: 2048592
	1983  -  MemoryUsage of job (MB)
	2030460  -  ResidentSetSize of job (KB)
...
006 (15818112.000.000) 02/20 15:26:07 Image size of job updated: 2048592
	1983  -  MemoryUsage of job (MB)
	2030468  -  ResidentSetSize of job (KB)
...
006 (15818112.000.000) 02/20 15:31:07 Image size of job updated: 2133908
	2067  -  MemoryUsage of job (MB)
	2115844  -  ResidentSetSize of job (KB)
...
006 (15818112.000.000) 02/20 15:36:08 Image size of job updated: 2159196
	2093  -  MemoryUsage of job (MB)
	2142576  -  ResidentSetSize of job (KB)
...
006 (15818112.000.000) 02/20 15:46:09 Image size of job updated: 2168668
	2102  -  MemoryUsage of job (MB)
	2151876  -  ResidentSetSize of job (KB)
...
006 (15818112.000.000) 02/20 15:51:09 Image size of job updated: 2383120
	2312  -  MemoryUsage of job (MB)
	2366840  -  ResidentSetSize of job (KB)
...
005 (15818112.000.000) 02/20 16:25:13 Job terminated.
	(1) Normal termination (return value 0)
		Usr 0 04:55:35, Sys 0 00:06:02  -  Run Remote Usage
		Usr 0 00:00:00, Sys 0 00:00:00  -  Run Local Usage
		Usr 0 04:55:35, Sys 0 00:06:02  -  Total Remote Usage
		Usr 0 00:00:00, Sys 0 00:00:00  -  Total Local Usage
	0  -  Run Bytes Sent By Job
	0  -  Run Bytes Received By Job
	0  -  Total Bytes Sent By Job
	0  -  Total Bytes Received By Job
	Partitionable Resources :    Usage  Request Allocated 
	   Admin_mutex_1         :                           0 
	   Admin_mutex_2         :                           0 
	   Admin_mutex_3         :                           0 
	   Cpus                  :     2.02        5         5 
	   Disk (KB)             :     3     1048576   3314958 
	   Gpus                  :                           0 
	   Machine_token         :                           0 
	   Memory (MB)           :  2312        5120      5120 
...
