000 (16085857.000.000) 02/26 13:45:01 Job submitted from host: <10.128.11.86:35145?addrs=10.128.11.86-35145>
...
001 (16085857.000.000) 02/26 13:52:15 Job executing on host: <10.128.10.149:55568?addrs=10.128.10.149-55568>
...
006 (16085857.000.000) 02/26 13:52:23 Image size of job updated: 374128
	318  -  MemoryUsage of job (MB)
	325228  -  ResidentSetSize of job (KB)
...
006 (16085857.000.000) 02/26 13:57:23 Image size of job updated: 1837388
	1746  -  MemoryUsage of job (MB)
	1787896  -  ResidentSetSize of job (KB)
...
006 (16085857.000.000) 02/26 14:02:24 Image size of job updated: 1966840
	1881  -  MemoryUsage of job (MB)
	1925376  -  ResidentSetSize of job (KB)
...
006 (16085857.000.000) 02/26 14:22:26 Image size of job updated: 1974364
	1925  -  MemoryUsage of job (MB)
	1971104  -  ResidentSetSize of job (KB)
...
006 (16085857.000.000) 02/26 14:42:28 Image size of job updated: 1996948
	1947  -  MemoryUsage of job (MB)
	1993688  -  ResidentSetSize of job (KB)
...
006 (16085857.000.000) 02/26 14:47:28 Image size of job updated: 2183976
	2130  -  MemoryUsage of job (MB)
	2180820  -  ResidentSetSize of job (KB)
...
006 (16085857.000.000) 02/26 14:52:28 Image size of job updated: 2429712
	2370  -  MemoryUsage of job (MB)
	2426472  -  ResidentSetSize of job (KB)
...
006 (16085857.000.000) 02/26 14:57:29 Image size of job updated: 2429712
	2372  -  MemoryUsage of job (MB)
	2428528  -  ResidentSetSize of job (KB)
...
006 (16085857.000.000) 02/26 15:02:30 Image size of job updated: 2451184
	2391  -  MemoryUsage of job (MB)
	2448092  -  ResidentSetSize of job (KB)
...
005 (16085857.000.000) 02/26 15:55:56 Job terminated.
	(1) Normal termination (return value 0)
		Usr 0 07:56:15, Sys 0 00:25:54  -  Run Remote Usage
		Usr 0 00:00:00, Sys 0 00:00:00  -  Run Local Usage
		Usr 0 07:56:15, Sys 0 00:25:54  -  Total Remote Usage
		Usr 0 00:00:00, Sys 0 00:00:00  -  Total Local Usage
	0  -  Run Bytes Sent By Job
	0  -  Run Bytes Received By Job
	0  -  Total Bytes Sent By Job
	0  -  Total Bytes Received By Job
	Partitionable Resources :    Usage  Request Allocated 
	   Admin_mutex_1         :                           0 
	   Admin_mutex_2         :                           0 
	   Admin_mutex_3         :                           0 
	   Cpus                  :     1.84        5         5 
	   Disk (KB)             :     3     1048576   1382706 
	   Gpus                  :                           0 
	   Machine_token         :                           0 
	   Memory (MB)           :  2391       10240     10240 
...
