000 (15340795.000.000) 02/14 08:35:05 Job submitted from host: <10.128.11.86:35145?addrs=10.128.11.86-35145>
...
001 (15340795.000.000) 02/14 08:36:54 Job executing on host: <10.128.10.18:56452?addrs=10.128.10.18-56452>
...
006 (15340795.000.000) 02/14 08:37:03 Image size of job updated: 669096
	607  -  MemoryUsage of job (MB)
	621460  -  ResidentSetSize of job (KB)
...
006 (15340795.000.000) 02/14 08:42:04 Image size of job updated: 2363812
	2264  -  MemoryUsage of job (MB)
	2318288  -  ResidentSetSize of job (KB)
...
006 (15340795.000.000) 02/14 08:47:05 Image size of job updated: 2764320
	2659  -  MemoryUsage of job (MB)
	2721944  -  ResidentSetSize of job (KB)
...
006 (15340795.000.000) 02/14 08:52:05 Image size of job updated: 2764320
	2660  -  MemoryUsage of job (MB)
	2722860  -  ResidentSetSize of job (KB)
...
006 (15340795.000.000) 02/14 09:02:06 Image size of job updated: 2910676
	2802  -  MemoryUsage of job (MB)
	2868812  -  ResidentSetSize of job (KB)
...
006 (15340795.000.000) 02/14 09:07:07 Image size of job updated: 2910676
	2806  -  MemoryUsage of job (MB)
	2872516  -  ResidentSetSize of job (KB)
...
006 (15340795.000.000) 02/14 09:27:09 Image size of job updated: 3256372
	3175  -  MemoryUsage of job (MB)
	3250888  -  ResidentSetSize of job (KB)
...
005 (15340795.000.000) 02/14 10:07:01 Job terminated.
	(1) Normal termination (return value 0)
		Usr 0 06:38:19, Sys 0 00:09:08  -  Run Remote Usage
		Usr 0 00:00:00, Sys 0 00:00:00  -  Run Local Usage
		Usr 0 06:38:19, Sys 0 00:09:08  -  Total Remote Usage
		Usr 0 00:00:00, Sys 0 00:00:00  -  Total Local Usage
	0  -  Run Bytes Sent By Job
	0  -  Run Bytes Received By Job
	0  -  Total Bytes Sent By Job
	0  -  Total Bytes Received By Job
	Partitionable Resources :    Usage  Request Allocated 
	   Admin_mutex_1         :                           0 
	   Admin_mutex_2         :                           0 
	   Admin_mutex_3         :                           0 
	   Cpus                  :     5.00        5         5 
	   Disk (KB)             :     3     1048576   1399085 
	   Gpus                  :                           0 
	   Machine_token         :                           0 
	   Memory (MB)           :  3175        5120      5120 
...
