000 (16085887.000.000) 02/26 13:45:43 Job submitted from host: <10.128.11.86:35145?addrs=10.128.11.86-35145>
...
001 (16085887.000.000) 02/26 13:54:18 Job executing on host: <10.128.10.214:56485?addrs=10.128.10.214-56485>
...
006 (16085887.000.000) 02/26 13:54:27 Image size of job updated: 670464
	607  -  MemoryUsage of job (MB)
	621444  -  ResidentSetSize of job (KB)
...
006 (16085887.000.000) 02/26 13:59:28 Image size of job updated: 1796904
	1707  -  MemoryUsage of job (MB)
	1747196  -  ResidentSetSize of job (KB)
...
006 (16085887.000.000) 02/26 14:04:28 Image size of job updated: 1948608
	1855  -  MemoryUsage of job (MB)
	1898900  -  ResidentSetSize of job (KB)
...
006 (16085887.000.000) 02/26 14:09:28 Image size of job updated: 2175196
	2076  -  MemoryUsage of job (MB)
	2125588  -  ResidentSetSize of job (KB)
...
006 (16085887.000.000) 02/26 14:14:28 Image size of job updated: 2175196
	2077  -  MemoryUsage of job (MB)
	2125828  -  ResidentSetSize of job (KB)
...
006 (16085887.000.000) 02/26 14:19:29 Image size of job updated: 2231668
	2177  -  MemoryUsage of job (MB)
	2228356  -  ResidentSetSize of job (KB)
...
006 (16085887.000.000) 02/26 14:24:30 Image size of job updated: 2416496
	2357  -  MemoryUsage of job (MB)
	2413184  -  ResidentSetSize of job (KB)
...
006 (16085887.000.000) 02/26 14:29:30 Image size of job updated: 2585916
	2523  -  MemoryUsage of job (MB)
	2582648  -  ResidentSetSize of job (KB)
...
006 (16085887.000.000) 02/26 14:34:30 Image size of job updated: 2611596
	2548  -  MemoryUsage of job (MB)
	2608220  -  ResidentSetSize of job (KB)
...
006 (16085887.000.000) 02/26 14:39:32 Image size of job updated: 2629964
	2565  -  MemoryUsage of job (MB)
	2626520  -  ResidentSetSize of job (KB)
...
006 (16085887.000.000) 02/26 14:49:32 Image size of job updated: 2681208
	2616  -  MemoryUsage of job (MB)
	2677788  -  ResidentSetSize of job (KB)
...
006 (16085887.000.000) 02/26 14:54:33 Image size of job updated: 2681208
	2616  -  MemoryUsage of job (MB)
	2678320  -  ResidentSetSize of job (KB)
...
006 (16085887.000.000) 02/26 15:24:36 Image size of job updated: 2687584
	2622  -  MemoryUsage of job (MB)
	2684800  -  ResidentSetSize of job (KB)
...
006 (16085887.000.000) 02/26 15:29:36 Image size of job updated: 2925544
	2855  -  MemoryUsage of job (MB)
	2922756  -  ResidentSetSize of job (KB)
...
006 (16085887.000.000) 02/26 15:39:38 Image size of job updated: 3616144
	3529  -  MemoryUsage of job (MB)
	3613384  -  ResidentSetSize of job (KB)
...
005 (16085887.000.000) 02/26 18:12:33 Job terminated.
	(1) Normal termination (return value 0)
		Usr 0 19:53:54, Sys 0 00:18:59  -  Run Remote Usage
		Usr 0 00:00:00, Sys 0 00:00:00  -  Run Local Usage
		Usr 0 19:53:54, Sys 0 00:18:59  -  Total Remote Usage
		Usr 0 00:00:00, Sys 0 00:00:00  -  Total Local Usage
	0  -  Run Bytes Sent By Job
	0  -  Run Bytes Received By Job
	0  -  Total Bytes Sent By Job
	0  -  Total Bytes Received By Job
	Partitionable Resources :    Usage  Request Allocated 
	   Admin_mutex_1         :                           0 
	   Admin_mutex_2         :                           0 
	   Admin_mutex_3         :                           0 
	   Cpus                  :     4.58        5         5 
	   Disk (KB)             :     3     1048576   1612146 
	   Gpus                  :                           0 
	   Machine_token         :                           0 
	   Memory (MB)           :  3529       10240     10240 
...
