000 (15340742.000.000) 02/14 08:34:54 Job submitted from host: <10.128.11.86:35145?addrs=10.128.11.86-35145>
...
001 (15340742.000.000) 02/14 08:36:54 Job executing on host: <10.128.10.24:54706?addrs=10.128.10.24-54706>
...
006 (15340742.000.000) 02/14 08:37:02 Image size of job updated: 540532
	487  -  MemoryUsage of job (MB)
	497788  -  ResidentSetSize of job (KB)
...
006 (15340742.000.000) 02/14 08:42:02 Image size of job updated: 1902052
	1816  -  MemoryUsage of job (MB)
	1858596  -  ResidentSetSize of job (KB)
...
006 (15340742.000.000) 02/14 08:47:03 Image size of job updated: 2018872
	1930  -  MemoryUsage of job (MB)
	1975416  -  ResidentSetSize of job (KB)
...
006 (15340742.000.000) 02/14 08:52:04 Image size of job updated: 2018872
	1930  -  MemoryUsage of job (MB)
	1975852  -  ResidentSetSize of job (KB)
...
006 (15340742.000.000) 02/14 08:57:04 Image size of job updated: 2044848
	1962  -  MemoryUsage of job (MB)
	2008688  -  ResidentSetSize of job (KB)
...
006 (15340742.000.000) 02/14 09:02:04 Image size of job updated: 2896188
	2793  -  MemoryUsage of job (MB)
	2859720  -  ResidentSetSize of job (KB)
...
006 (15340742.000.000) 02/14 09:12:05 Image size of job updated: 2904288
	2835  -  MemoryUsage of job (MB)
	2902684  -  ResidentSetSize of job (KB)
...
006 (15340742.000.000) 02/14 09:17:05 Image size of job updated: 2904288
	2835  -  MemoryUsage of job (MB)
	2903040  -  ResidentSetSize of job (KB)
...
005 (15340742.000.000) 02/14 09:41:11 Job terminated.
	(1) Normal termination (return value 0)
		Usr 0 04:18:42, Sys 0 00:13:20  -  Run Remote Usage
		Usr 0 00:00:00, Sys 0 00:00:00  -  Run Local Usage
		Usr 0 04:18:42, Sys 0 00:13:20  -  Total Remote Usage
		Usr 0 00:00:00, Sys 0 00:00:00  -  Total Local Usage
	0  -  Run Bytes Sent By Job
	0  -  Run Bytes Received By Job
	0  -  Total Bytes Sent By Job
	0  -  Total Bytes Received By Job
	Partitionable Resources :    Usage  Request Allocated 
	   Admin_mutex_1         :                           0 
	   Admin_mutex_2         :                           0 
	   Admin_mutex_3         :                           0 
	   Cpus                  :     4.72        5         5 
	   Disk (KB)             :     3     1048576   1609580 
	   Gpus                  :                           0 
	   Machine_token         :                           0 
	   Memory (MB)           :  2835        5120      5120 
...
