000 (16085847.000.000) 02/26 13:44:43 Job submitted from host: <10.128.11.86:35145?addrs=10.128.11.86-35145>
...
001 (16085847.000.000) 02/26 13:50:15 Job executing on host: <10.128.10.41:55549?addrs=10.128.10.41-55549>
...
006 (16085847.000.000) 02/26 13:50:24 Image size of job updated: 403412
	310  -  MemoryUsage of job (MB)
	316984  -  ResidentSetSize of job (KB)
...
006 (16085847.000.000) 02/26 13:55:25 Image size of job updated: 1816484
	1690  -  MemoryUsage of job (MB)
	1729908  -  ResidentSetSize of job (KB)
...
006 (16085847.000.000) 02/26 14:00:25 Image size of job updated: 2131500
	1997  -  MemoryUsage of job (MB)
	2044904  -  ResidentSetSize of job (KB)
...
006 (16085847.000.000) 02/26 14:05:25 Image size of job updated: 2405284
	2324  -  MemoryUsage of job (MB)
	2378888  -  ResidentSetSize of job (KB)
...
006 (16085847.000.000) 02/26 14:10:26 Image size of job updated: 2717024
	2628  -  MemoryUsage of job (MB)
	2690628  -  ResidentSetSize of job (KB)
...
006 (16085847.000.000) 02/26 14:15:27 Image size of job updated: 2717024
	2629  -  MemoryUsage of job (MB)
	2691424  -  ResidentSetSize of job (KB)
...
006 (16085847.000.000) 02/26 14:20:27 Image size of job updated: 2731192
	2666  -  MemoryUsage of job (MB)
	2729568  -  ResidentSetSize of job (KB)
...
006 (16085847.000.000) 02/26 14:40:29 Image size of job updated: 3100048
	3026  -  MemoryUsage of job (MB)
	3098424  -  ResidentSetSize of job (KB)
...
006 (16085847.000.000) 02/26 15:10:33 Image size of job updated: 3481956
	3399  -  MemoryUsage of job (MB)
	3480116  -  ResidentSetSize of job (KB)
...
006 (16085847.000.000) 02/26 15:15:33 Image size of job updated: 3665860
	3579  -  MemoryUsage of job (MB)
	3664020  -  ResidentSetSize of job (KB)
...
006 (16085847.000.000) 02/26 15:30:35 Image size of job updated: 3827096
	3677  -  MemoryUsage of job (MB)
	3765064  -  ResidentSetSize of job (KB)
...
006 (16085847.000.000) 02/26 16:35:41 Image size of job updated: 4144856
	3986  -  MemoryUsage of job (MB)
	4081048  -  ResidentSetSize of job (KB)
...
006 (16085847.000.000) 02/26 16:40:42 Image size of job updated: 4144856
	3988  -  MemoryUsage of job (MB)
	4082712  -  ResidentSetSize of job (KB)
...
006 (16085847.000.000) 02/26 17:05:44 Image size of job updated: 4588588
	4419  -  MemoryUsage of job (MB)
	4524752  -  ResidentSetSize of job (KB)
...
006 (16085847.000.000) 02/26 17:10:45 Image size of job updated: 4588588
	4419  -  MemoryUsage of job (MB)
	4524760  -  ResidentSetSize of job (KB)
...
006 (16085847.000.000) 02/26 17:25:46 Image size of job updated: 4816548
	4642  -  MemoryUsage of job (MB)
	4752900  -  ResidentSetSize of job (KB)
...
006 (16085847.000.000) 02/26 18:25:52 Image size of job updated: 5382744
	5195  -  MemoryUsage of job (MB)
	5319332  -  ResidentSetSize of job (KB)
...
005 (16085847.000.000) 02/26 22:36:16 Job terminated.
	(1) Normal termination (return value 0)
		Usr 1 15:35:43, Sys 0 01:08:18  -  Run Remote Usage
		Usr 0 00:00:00, Sys 0 00:00:00  -  Run Local Usage
		Usr 1 15:35:43, Sys 0 01:08:18  -  Total Remote Usage
		Usr 0 00:00:00, Sys 0 00:00:00  -  Total Local Usage
	0  -  Run Bytes Sent By Job
	0  -  Run Bytes Received By Job
	0  -  Total Bytes Sent By Job
	0  -  Total Bytes Received By Job
	Partitionable Resources :    Usage  Request Allocated 
	   Admin_mutex_1         :                           0 
	   Admin_mutex_2         :                           0 
	   Admin_mutex_3         :                           0 
	   Cpus                  :     5.00        5         5 
	   Disk (KB)             :     3     1048576   1596020 
	   Gpus                  :                           0 
	   Machine_token         :                           0 
	   Memory (MB)           :  5195       10240     10240 
...
