000 (15818097.000.000) 02/20 15:15:03 Job submitted from host: <10.128.11.86:35145?addrs=10.128.11.86-35145>
...
001 (15818097.000.000) 02/20 15:15:57 Job executing on host: <10.128.10.53:36239?addrs=10.128.10.53-36239>
...
006 (15818097.000.000) 02/20 15:16:06 Image size of job updated: 225088
	182  -  MemoryUsage of job (MB)
	185780  -  ResidentSetSize of job (KB)
...
006 (15818097.000.000) 02/20 15:21:07 Image size of job updated: 1866340
	1783  -  MemoryUsage of job (MB)
	1825328  -  ResidentSetSize of job (KB)
...
006 (15818097.000.000) 02/20 15:26:07 Image size of job updated: 1897696
	1814  -  MemoryUsage of job (MB)
	1856884  -  ResidentSetSize of job (KB)
...
006 (15818097.000.000) 02/20 15:31:08 Image size of job updated: 1937492
	1852  -  MemoryUsage of job (MB)
	1896200  -  ResidentSetSize of job (KB)
...
006 (15818097.000.000) 02/20 15:41:09 Image size of job updated: 2068980
	1982  -  MemoryUsage of job (MB)
	2028604  -  ResidentSetSize of job (KB)
...
006 (15818097.000.000) 02/20 15:46:09 Image size of job updated: 2128916
	2040  -  MemoryUsage of job (MB)
	2088164  -  ResidentSetSize of job (KB)
...
006 (15818097.000.000) 02/20 15:51:10 Image size of job updated: 2128916
	2040  -  MemoryUsage of job (MB)
	2088376  -  ResidentSetSize of job (KB)
...
005 (15818097.000.000) 02/20 16:16:43 Job terminated.
	(1) Normal termination (return value 0)
		Usr 0 04:08:21, Sys 0 00:09:10  -  Run Remote Usage
		Usr 0 00:00:00, Sys 0 00:00:00  -  Run Local Usage
		Usr 0 04:08:21, Sys 0 00:09:10  -  Total Remote Usage
		Usr 0 00:00:00, Sys 0 00:00:00  -  Total Local Usage
	0  -  Run Bytes Sent By Job
	0  -  Run Bytes Received By Job
	0  -  Total Bytes Sent By Job
	0  -  Total Bytes Received By Job
	Partitionable Resources :    Usage  Request Allocated 
	   Admin_mutex_1         :                           0 
	   Admin_mutex_2         :                           0 
	   Admin_mutex_3         :                           0 
	   Cpus                  :     3.68        5         5 
	   Disk (KB)             :     3     1048576   3313357 
	   Gpus                  :                           0 
	   Machine_token         :                           0 
	   Memory (MB)           :  2040        5120      5120 
...
