000 (15818116.000.000) 02/20 15:15:16 Job submitted from host: <10.128.11.86:35145?addrs=10.128.11.86-35145>
...
001 (15818116.000.000) 02/20 15:15:57 Job executing on host: <10.128.11.31:43284?addrs=10.128.11.31-43284>
...
006 (15818116.000.000) 02/20 15:16:06 Image size of job updated: 225120
	191  -  MemoryUsage of job (MB)
	195496  -  ResidentSetSize of job (KB)
...
006 (15818116.000.000) 02/20 15:21:07 Image size of job updated: 2541816
	2453  -  MemoryUsage of job (MB)
	2511812  -  ResidentSetSize of job (KB)
...
006 (15818116.000.000) 02/20 15:26:07 Image size of job updated: 2732356
	2640  -  MemoryUsage of job (MB)
	2702352  -  ResidentSetSize of job (KB)
...
006 (15818116.000.000) 02/20 15:31:07 Image size of job updated: 2833108
	2738  -  MemoryUsage of job (MB)
	2803136  -  ResidentSetSize of job (KB)
...
006 (15818116.000.000) 02/20 15:41:09 Image size of job updated: 3129668
	3033  -  MemoryUsage of job (MB)
	3105264  -  ResidentSetSize of job (KB)
...
006 (15818116.000.000) 02/20 15:51:09 Image size of job updated: 3145672
	3049  -  MemoryUsage of job (MB)
	3121244  -  ResidentSetSize of job (KB)
...
006 (15818116.000.000) 02/20 15:56:10 Image size of job updated: 3247396
	3148  -  MemoryUsage of job (MB)
	3222968  -  ResidentSetSize of job (KB)
...
006 (15818116.000.000) 02/20 16:21:13 Image size of job updated: 3639280
	3554  -  MemoryUsage of job (MB)
	3638508  -  ResidentSetSize of job (KB)
...
006 (15818116.000.000) 02/20 16:26:13 Image size of job updated: 3639280
	3554  -  MemoryUsage of job (MB)
	3638808  -  ResidentSetSize of job (KB)
...
006 (15818116.000.000) 02/20 16:41:15 Image size of job updated: 3658872
	3571  -  MemoryUsage of job (MB)
	3656696  -  ResidentSetSize of job (KB)
...
006 (15818116.000.000) 02/20 16:46:15 Image size of job updated: 3658872
	3571  -  MemoryUsage of job (MB)
	3656700  -  ResidentSetSize of job (KB)
...
006 (15818116.000.000) 02/20 16:56:17 Image size of job updated: 3661568
	3575  -  MemoryUsage of job (MB)
	3660016  -  ResidentSetSize of job (KB)
...
006 (15818116.000.000) 02/20 17:01:17 Image size of job updated: 3661568
	3578  -  MemoryUsage of job (MB)
	3662856  -  ResidentSetSize of job (KB)
...
006 (15818116.000.000) 02/20 17:11:18 Image size of job updated: 4001568
	3906  -  MemoryUsage of job (MB)
	3998860  -  ResidentSetSize of job (KB)
...
006 (15818116.000.000) 02/20 17:26:19 Image size of job updated: 4080020
	3982  -  MemoryUsage of job (MB)
	4077084  -  ResidentSetSize of job (KB)
...
006 (15818116.000.000) 02/20 17:31:20 Image size of job updated: 4365408
	4261  -  MemoryUsage of job (MB)
	4362844  -  ResidentSetSize of job (KB)
...
006 (15818116.000.000) 02/20 17:36:21 Image size of job updated: 4510588
	4403  -  MemoryUsage of job (MB)
	4508016  -  ResidentSetSize of job (KB)
...
006 (15818116.000.000) 02/20 17:56:23 Image size of job updated: 4519992
	4412  -  MemoryUsage of job (MB)
	4517480  -  ResidentSetSize of job (KB)
...
006 (15818116.000.000) 02/20 18:06:23 Image size of job updated: 4626940
	4517  -  MemoryUsage of job (MB)
	4624452  -  ResidentSetSize of job (KB)
...
006 (15818116.000.000) 02/20 18:26:26 Image size of job updated: 5030708
	4912  -  MemoryUsage of job (MB)
	5029272  -  ResidentSetSize of job (KB)
...
005 (15818116.000.000) 02/20 20:10:15 Job terminated.
	(1) Normal termination (return value 0)
		Usr 0 22:59:31, Sys 0 00:11:27  -  Run Remote Usage
		Usr 0 00:00:00, Sys 0 00:00:00  -  Run Local Usage
		Usr 0 22:59:31, Sys 0 00:11:27  -  Total Remote Usage
		Usr 0 00:00:00, Sys 0 00:00:00  -  Total Local Usage
	0  -  Run Bytes Sent By Job
	0  -  Run Bytes Received By Job
	0  -  Total Bytes Sent By Job
	0  -  Total Bytes Received By Job
	Partitionable Resources :    Usage  Request Allocated 
	   Admin_mutex_1         :                           0 
	   Admin_mutex_2         :                           0 
	   Admin_mutex_3         :                           0 
	   Cpus                  :     4.68        5         5 
	   Disk (KB)             :     3     1048576   3314957 
	   Gpus                  :                           0 
	   Machine_token         :                           0 
	   Memory (MB)           :  4912        5120      5120 
...
