000 (15818405.000.000) 02/20 15:24:41 Job submitted from host: <10.128.11.86:35145?addrs=10.128.11.86-35145>
...
001 (15818405.000.000) 02/20 15:26:59 Job executing on host: <10.128.10.61:39929?addrs=10.128.10.61-39929>
...
006 (15818405.000.000) 02/20 15:27:08 Image size of job updated: 312144
	282  -  MemoryUsage of job (MB)
	288368  -  ResidentSetSize of job (KB)
...
006 (15818405.000.000) 02/20 15:32:09 Image size of job updated: 2170668
	2097  -  MemoryUsage of job (MB)
	2146520  -  ResidentSetSize of job (KB)
...
006 (15818405.000.000) 02/20 15:37:10 Image size of job updated: 2260064
	2187  -  MemoryUsage of job (MB)
	2239400  -  ResidentSetSize of job (KB)
...
006 (15818405.000.000) 02/20 15:42:10 Image size of job updated: 2297264
	2224  -  MemoryUsage of job (MB)
	2277196  -  ResidentSetSize of job (KB)
...
006 (15818405.000.000) 02/20 15:52:11 Image size of job updated: 2472216
	2395  -  MemoryUsage of job (MB)
	2451516  -  ResidentSetSize of job (KB)
...
006 (15818405.000.000) 02/20 16:07:12 Image size of job updated: 2516268
	2457  -  MemoryUsage of job (MB)
	2515584  -  ResidentSetSize of job (KB)
...
006 (15818405.000.000) 02/20 16:12:13 Image size of job updated: 2877764
	2810  -  MemoryUsage of job (MB)
	2877344  -  ResidentSetSize of job (KB)
...
006 (15818405.000.000) 02/20 16:17:14 Image size of job updated: 3058384
	2986  -  MemoryUsage of job (MB)
	3056848  -  ResidentSetSize of job (KB)
...
005 (15818405.000.000) 02/20 18:03:26 Job terminated.
	(1) Normal termination (return value 0)
		Usr 0 10:34:17, Sys 0 00:26:10  -  Run Remote Usage
		Usr 0 00:00:00, Sys 0 00:00:00  -  Run Local Usage
		Usr 0 10:34:17, Sys 0 00:26:10  -  Total Remote Usage
		Usr 0 00:00:00, Sys 0 00:00:00  -  Total Local Usage
	0  -  Run Bytes Sent By Job
	0  -  Run Bytes Received By Job
	0  -  Total Bytes Sent By Job
	0  -  Total Bytes Received By Job
	Partitionable Resources :    Usage  Request Allocated 
	   Admin_mutex_1         :                           0 
	   Admin_mutex_2         :                           0 
	   Admin_mutex_3         :                           0 
	   Cpus                  :     5.00        5         5 
	   Disk (KB)             :     3     1048576   3316023 
	   Gpus                  :                           0 
	   Machine_token         :                           0 
	   Memory (MB)           :  2986        5120      5120 
...
