000 (16085842.000.000) 02/26 13:44:39 Job submitted from host: <10.128.11.86:35145?addrs=10.128.11.86-35145>
...
001 (16085842.000.000) 02/26 13:50:15 Job executing on host: <10.128.10.41:55549?addrs=10.128.10.41-55549>
...
006 (16085842.000.000) 02/26 13:50:24 Image size of job updated: 237364
	208  -  MemoryUsage of job (MB)
	212844  -  ResidentSetSize of job (KB)
...
006 (16085842.000.000) 02/26 13:55:25 Image size of job updated: 1791024
	1725  -  MemoryUsage of job (MB)
	1766188  -  ResidentSetSize of job (KB)
...
006 (16085842.000.000) 02/26 14:05:26 Image size of job updated: 2054028
	1982  -  MemoryUsage of job (MB)
	2029192  -  ResidentSetSize of job (KB)
...
006 (16085842.000.000) 02/26 14:10:26 Image size of job updated: 2054028
	1982  -  MemoryUsage of job (MB)
	2029204  -  ResidentSetSize of job (KB)
...
006 (16085842.000.000) 02/26 14:20:27 Image size of job updated: 2069784
	2018  -  MemoryUsage of job (MB)
	2066420  -  ResidentSetSize of job (KB)
...
006 (16085842.000.000) 02/26 14:30:28 Image size of job updated: 2194628
	2140  -  MemoryUsage of job (MB)
	2191264  -  ResidentSetSize of job (KB)
...
006 (16085842.000.000) 02/26 15:10:32 Image size of job updated: 2237352
	2182  -  MemoryUsage of job (MB)
	2234204  -  ResidentSetSize of job (KB)
...
005 (16085842.000.000) 02/26 16:01:31 Job terminated.
	(1) Normal termination (return value 0)
		Usr 0 08:53:22, Sys 0 00:31:25  -  Run Remote Usage
		Usr 0 00:00:00, Sys 0 00:00:00  -  Run Local Usage
		Usr 0 08:53:22, Sys 0 00:31:25  -  Total Remote Usage
		Usr 0 00:00:00, Sys 0 00:00:00  -  Total Local Usage
	0  -  Run Bytes Sent By Job
	0  -  Run Bytes Received By Job
	0  -  Total Bytes Sent By Job
	0  -  Total Bytes Received By Job
	Partitionable Resources :    Usage  Request Allocated 
	   Admin_mutex_1         :                           0 
	   Admin_mutex_2         :                           0 
	   Admin_mutex_3         :                           0 
	   Cpus                  :     5.00        5         5 
	   Disk (KB)             :     3     1048576   1596020 
	   Gpus                  :                           0 
	   Machine_token         :                           0 
	   Memory (MB)           :  2182       10240     10240 
...
