000 (15339749.000.000) 02/14 08:23:31 Job submitted from host: <10.128.11.86:35145?addrs=10.128.11.86-35145>
...
001 (15339749.000.000) 02/14 08:24:53 Job executing on host: <10.128.10.22:57877?addrs=10.128.10.22-57877>
...
006 (15339749.000.000) 02/14 08:25:03 Image size of job updated: 578528
	534  -  MemoryUsage of job (MB)
	545868  -  ResidentSetSize of job (KB)
...
006 (15339749.000.000) 02/14 08:25:40 Image size of job updated: 2914904
	534  -  MemoryUsage of job (MB)
	545868  -  ResidentSetSize of job (KB)
...
005 (15339749.000.000) 02/14 08:25:40 Job terminated.
	(1) Normal termination (return value 0)
		Usr 0 00:00:20, Sys 0 00:00:08  -  Run Remote Usage
		Usr 0 00:00:00, Sys 0 00:00:00  -  Run Local Usage
		Usr 0 00:00:20, Sys 0 00:00:08  -  Total Remote Usage
		Usr 0 00:00:00, Sys 0 00:00:00  -  Total Local Usage
	0  -  Run Bytes Sent By Job
	0  -  Run Bytes Received By Job
	0  -  Total Bytes Sent By Job
	0  -  Total Bytes Received By Job
	Partitionable Resources :    Usage  Request Allocated 
	   Admin_mutex_1         :                           0 
	   Admin_mutex_2         :                           0 
	   Admin_mutex_3         :                           0 
	   Cpus                  :        0        5         5 
	   Disk (KB)             :        3  1048576   1612116 
	   Gpus                  :                           0 
	   Machine_token         :                           0 
	   Memory (MB)           :      534     5120      5120 
...
