000 (16085833.000.000) 02/26 13:44:27 Job submitted from host: <10.128.11.86:35145?addrs=10.128.11.86-35145>
...
001 (16085833.000.000) 02/26 13:49:15 Job executing on host: <10.128.10.221:35642?addrs=10.128.10.221-35642>
...
006 (16085833.000.000) 02/26 13:49:24 Image size of job updated: 396204
	335  -  MemoryUsage of job (MB)
	342860  -  ResidentSetSize of job (KB)
...
006 (16085833.000.000) 02/26 13:54:25 Image size of job updated: 1886376
	1790  -  MemoryUsage of job (MB)
	1832652  -  ResidentSetSize of job (KB)
...
006 (16085833.000.000) 02/26 14:04:25 Image size of job updated: 1995440
	1897  -  MemoryUsage of job (MB)
	1941828  -  ResidentSetSize of job (KB)
...
006 (16085833.000.000) 02/26 14:09:26 Image size of job updated: 2057916
	1958  -  MemoryUsage of job (MB)
	2004304  -  ResidentSetSize of job (KB)
...
005 (16085833.000.000) 02/26 14:37:48 Job terminated.
	(1) Normal termination (return value 0)
		Usr 0 03:07:10, Sys 0 00:08:47  -  Run Remote Usage
		Usr 0 00:00:00, Sys 0 00:00:00  -  Run Local Usage
		Usr 0 03:07:10, Sys 0 00:08:47  -  Total Remote Usage
		Usr 0 00:00:00, Sys 0 00:00:00  -  Total Local Usage
	0  -  Run Bytes Sent By Job
	0  -  Run Bytes Received By Job
	0  -  Total Bytes Sent By Job
	0  -  Total Bytes Received By Job
	Partitionable Resources :    Usage  Request Allocated 
	   Admin_mutex_1         :                           0 
	   Admin_mutex_2         :                           0 
	   Admin_mutex_3         :                           0 
	   Cpus                  :     0.14        5         5 
	   Disk (KB)             :     3     1048576   1611300 
	   Gpus                  :                           0 
	   Machine_token         :                           0 
	   Memory (MB)           :  1958       10240     10240 
...
