000 (15339415.000.000) 02/14 08:18:44 Job submitted from host: <10.128.11.86:35145?addrs=10.128.11.86-35145>
...
001 (15339415.000.000) 02/14 08:24:53 Job executing on host: <10.128.11.48:40256?addrs=10.128.11.48-40256>
...
006 (15339415.000.000) 02/14 08:25:03 Image size of job updated: 994820
	930  -  MemoryUsage of job (MB)
	951940  -  ResidentSetSize of job (KB)
...
006 (15339415.000.000) 02/14 08:25:25 Image size of job updated: 1722804
	930  -  MemoryUsage of job (MB)
	951940  -  ResidentSetSize of job (KB)
...
005 (15339415.000.000) 02/14 08:25:25 Job terminated.
	(1) Normal termination (return value 0)
		Usr 0 00:00:18, Sys 0 00:00:08  -  Run Remote Usage
		Usr 0 00:00:00, Sys 0 00:00:00  -  Run Local Usage
		Usr 0 00:00:18, Sys 0 00:00:08  -  Total Remote Usage
		Usr 0 00:00:00, Sys 0 00:00:00  -  Total Local Usage
	0  -  Run Bytes Sent By Job
	0  -  Run Bytes Received By Job
	0  -  Total Bytes Sent By Job
	0  -  Total Bytes Received By Job
	Partitionable Resources :    Usage  Request Allocated 
	   Admin_mutex_1         :                           0 
	   Admin_mutex_2         :                           0 
	   Admin_mutex_3         :                           0 
	   Cpus                  :        0        5         5 
	   Disk (KB)             :        3  1048576   3321654 
	   Gpus                  :                           0 
	   Machine_token         :                           0 
	   Memory (MB)           :      930     5120      5120 
...
