000 (16085907.000.000) 02/26 13:46:14 Job submitted from host: <10.128.11.86:35145?addrs=10.128.11.86-35145>
...
001 (16085907.000.000) 02/26 13:54:18 Job executing on host: <10.128.10.26:48174?addrs=10.128.10.26-48174>
...
006 (16085907.000.000) 02/26 13:54:27 Image size of job updated: 722876
	659  -  MemoryUsage of job (MB)
	673836  -  ResidentSetSize of job (KB)
...
006 (16085907.000.000) 02/26 13:59:28 Image size of job updated: 2337056
	2234  -  MemoryUsage of job (MB)
	2287324  -  ResidentSetSize of job (KB)
...
006 (16085907.000.000) 02/26 14:04:28 Image size of job updated: 2413884
	2309  -  MemoryUsage of job (MB)
	2364136  -  ResidentSetSize of job (KB)
...
006 (16085907.000.000) 02/26 14:09:29 Image size of job updated: 2413884
	2309  -  MemoryUsage of job (MB)
	2364144  -  ResidentSetSize of job (KB)
...
006 (16085907.000.000) 02/26 14:14:30 Image size of job updated: 2777204
	2710  -  MemoryUsage of job (MB)
	2774284  -  ResidentSetSize of job (KB)
...
006 (16085907.000.000) 02/26 14:19:30 Image size of job updated: 2840600
	2771  -  MemoryUsage of job (MB)
	2837416  -  ResidentSetSize of job (KB)
...
006 (16085907.000.000) 02/26 14:24:31 Image size of job updated: 2840600
	2771  -  MemoryUsage of job (MB)
	2837460  -  ResidentSetSize of job (KB)
...
006 (16085907.000.000) 02/26 14:29:32 Image size of job updated: 2871400
	2801  -  MemoryUsage of job (MB)
	2868028  -  ResidentSetSize of job (KB)
...
006 (16085907.000.000) 02/26 14:34:32 Image size of job updated: 3002240
	2930  -  MemoryUsage of job (MB)
	2999400  -  ResidentSetSize of job (KB)
...
006 (16085907.000.000) 02/26 14:39:32 Image size of job updated: 3395452
	3314  -  MemoryUsage of job (MB)
	3392596  -  ResidentSetSize of job (KB)
...
006 (16085907.000.000) 02/26 15:14:36 Image size of job updated: 4049000
	3953  -  MemoryUsage of job (MB)
	4047328  -  ResidentSetSize of job (KB)
...
006 (16085907.000.000) 02/26 15:34:38 Image size of job updated: 4123624
	4026  -  MemoryUsage of job (MB)
	4121812  -  ResidentSetSize of job (KB)
...
006 (16085907.000.000) 02/26 16:24:43 Image size of job updated: 4259480
	4159  -  MemoryUsage of job (MB)
	4257916  -  ResidentSetSize of job (KB)
...
006 (16085907.000.000) 02/26 16:34:44 Image size of job updated: 4872820
	4758  -  MemoryUsage of job (MB)
	4871240  -  ResidentSetSize of job (KB)
...
006 (16085907.000.000) 02/26 16:39:45 Image size of job updated: 4872820
	4758  -  MemoryUsage of job (MB)
	4871292  -  ResidentSetSize of job (KB)
...
006 (16085907.000.000) 02/26 18:55:00 Image size of job updated: 5121928
	5002  -  MemoryUsage of job (MB)
	5121068  -  ResidentSetSize of job (KB)
...
005 (16085907.000.000) 02/26 20:59:25 Job terminated.
	(1) Normal termination (return value 0)
		Usr 1 08:43:14, Sys 0 00:38:46  -  Run Remote Usage
		Usr 0 00:00:00, Sys 0 00:00:00  -  Run Local Usage
		Usr 1 08:43:14, Sys 0 00:38:46  -  Total Remote Usage
		Usr 0 00:00:00, Sys 0 00:00:00  -  Total Local Usage
	0  -  Run Bytes Sent By Job
	0  -  Run Bytes Received By Job
	0  -  Total Bytes Sent By Job
	0  -  Total Bytes Received By Job
	Partitionable Resources :    Usage  Request Allocated 
	   Admin_mutex_1         :                           0 
	   Admin_mutex_2         :                           0 
	   Admin_mutex_3         :                           0 
	   Cpus                  :     5.00        5         5 
	   Disk (KB)             :     3     1048576   1611960 
	   Gpus                  :                           0 
	   Machine_token         :                           0 
	   Memory (MB)           :  5002       10240     10240 
...
