000 (15891668.000.000) 02/22 12:53:53 Job submitted from host: <10.128.11.86:35145?addrs=10.128.11.86-35145>
...
001 (15891668.000.000) 02/22 13:09:45 Job executing on host: <10.128.11.29:59426?addrs=10.128.11.29-59426>
...
006 (15891668.000.000) 02/22 13:09:54 Image size of job updated: 713324
	655  -  MemoryUsage of job (MB)
	670592  -  ResidentSetSize of job (KB)
...
006 (15891668.000.000) 02/22 13:14:55 Image size of job updated: 3809200
	3687  -  MemoryUsage of job (MB)
	3775148  -  ResidentSetSize of job (KB)
...
006 (15891668.000.000) 02/22 13:19:56 Image size of job updated: 4107184
	3978  -  MemoryUsage of job (MB)
	4073128  -  ResidentSetSize of job (KB)
...
006 (15891668.000.000) 02/22 13:24:56 Image size of job updated: 4231940
	4100  -  MemoryUsage of job (MB)
	4197884  -  ResidentSetSize of job (KB)
...
006 (15891668.000.000) 02/22 13:29:56 Image size of job updated: 4362432
	4227  -  MemoryUsage of job (MB)
	4328376  -  ResidentSetSize of job (KB)
...
006 (15891668.000.000) 02/22 13:34:57 Image size of job updated: 4450384
	4313  -  MemoryUsage of job (MB)
	4416316  -  ResidentSetSize of job (KB)
...
006 (15891668.000.000) 02/22 13:39:58 Image size of job updated: 4748324
	4604  -  MemoryUsage of job (MB)
	4714256  -  ResidentSetSize of job (KB)
...
006 (15891668.000.000) 02/22 13:44:58 Image size of job updated: 4918276
	4770  -  MemoryUsage of job (MB)
	4884236  -  ResidentSetSize of job (KB)
...
006 (15891668.000.000) 02/22 14:05:00 Image size of job updated: 4918380
	4770  -  MemoryUsage of job (MB)
	4884236  -  ResidentSetSize of job (KB)
...
006 (15891668.000.000) 02/22 15:00:05 Image size of job updated: 4975144
	4857  -  MemoryUsage of job (MB)
	4973212  -  ResidentSetSize of job (KB)
...
006 (15891668.000.000) 02/22 15:05:06 Image size of job updated: 4993780
	4877  -  MemoryUsage of job (MB)
	4993484  -  ResidentSetSize of job (KB)
...
006 (15891668.000.000) 02/22 15:10:07 Image size of job updated: 5304012
	5180  -  MemoryUsage of job (MB)
	5303704  -  ResidentSetSize of job (KB)
...
006 (15891668.000.000) 02/22 15:15:07 Image size of job updated: 5364084
	5238  -  MemoryUsage of job (MB)
	5363072  -  ResidentSetSize of job (KB)
...
006 (15891668.000.000) 02/22 15:20:07 Image size of job updated: 5409312
	5282  -  MemoryUsage of job (MB)
	5408392  -  ResidentSetSize of job (KB)
...
006 (15891668.000.000) 02/22 15:25:08 Image size of job updated: 5561440
	5430  -  MemoryUsage of job (MB)
	5560136  -  ResidentSetSize of job (KB)
...
006 (15891668.000.000) 02/22 15:30:09 Image size of job updated: 5704472
	5570  -  MemoryUsage of job (MB)
	5703152  -  ResidentSetSize of job (KB)
...
006 (15891668.000.000) 02/22 15:35:09 Image size of job updated: 5788148
	5653  -  MemoryUsage of job (MB)
	5788012  -  ResidentSetSize of job (KB)
...
006 (15891668.000.000) 02/22 15:40:09 Image size of job updated: 6087900
	5946  -  MemoryUsage of job (MB)
	6087752  -  ResidentSetSize of job (KB)
...
006 (15891668.000.000) 02/22 15:45:10 Image size of job updated: 6164944
	6021  -  MemoryUsage of job (MB)
	6164796  -  ResidentSetSize of job (KB)
...
006 (15891668.000.000) 02/22 15:50:10 Image size of job updated: 6210276
	6065  -  MemoryUsage of job (MB)
	6210116  -  ResidentSetSize of job (KB)
...
006 (15891668.000.000) 02/22 15:55:10 Image size of job updated: 6266924
	6120  -  MemoryUsage of job (MB)
	6266764  -  ResidentSetSize of job (KB)
...
006 (15891668.000.000) 02/22 16:00:11 Image size of job updated: 6300900
	6154  -  MemoryUsage of job (MB)
	6300740  -  ResidentSetSize of job (KB)
...
006 (15891668.000.000) 02/22 16:05:11 Image size of job updated: 6323564
	6176  -  MemoryUsage of job (MB)
	6323404  -  ResidentSetSize of job (KB)
...
006 (15891668.000.000) 02/22 16:10:11 Image size of job updated: 6347136
	6198  -  MemoryUsage of job (MB)
	6346060  -  ResidentSetSize of job (KB)
...
006 (15891668.000.000) 02/22 16:15:12 Image size of job updated: 6358464
	6209  -  MemoryUsage of job (MB)
	6357388  -  ResidentSetSize of job (KB)
...
006 (15891668.000.000) 02/22 16:55:18 Image size of job updated: 6464144
	6313  -  MemoryUsage of job (MB)
	6464008  -  ResidentSetSize of job (KB)
...
006 (15891668.000.000) 02/22 17:00:18 Image size of job updated: 7278408
	7108  -  MemoryUsage of job (MB)
	7278272  -  ResidentSetSize of job (KB)
...
006 (15891668.000.000) 02/22 17:05:18 Image size of job updated: 7448680
	7274  -  MemoryUsage of job (MB)
	7448520  -  ResidentSetSize of job (KB)
...
006 (15891668.000.000) 02/22 17:10:19 Image size of job updated: 7536456
	7360  -  MemoryUsage of job (MB)
	7536288  -  ResidentSetSize of job (KB)
...
006 (15891668.000.000) 02/22 17:15:20 Image size of job updated: 7738416
	7557  -  MemoryUsage of job (MB)
	7738232  -  ResidentSetSize of job (KB)
...
006 (15891668.000.000) 02/22 17:20:20 Image size of job updated: 7940448
	7755  -  MemoryUsage of job (MB)
	7940236  -  ResidentSetSize of job (KB)
...
006 (15891668.000.000) 02/22 17:25:20 Image size of job updated: 8118812
	7929  -  MemoryUsage of job (MB)
	8118600  -  ResidentSetSize of job (KB)
...
006 (15891668.000.000) 02/22 17:30:21 Image size of job updated: 8237544
	8045  -  MemoryUsage of job (MB)
	8237524  -  ResidentSetSize of job (KB)
...
006 (15891668.000.000) 02/22 17:35:22 Image size of job updated: 8368800
	8173  -  MemoryUsage of job (MB)
	8368648  -  ResidentSetSize of job (KB)
...
006 (15891668.000.000) 02/22 17:40:22 Image size of job updated: 8422612
	8226  -  MemoryUsage of job (MB)
	8422460  -  ResidentSetSize of job (KB)
...
006 (15891668.000.000) 02/22 17:45:22 Image size of job updated: 8550640
	8351  -  MemoryUsage of job (MB)
	8550476  -  ResidentSetSize of job (KB)
...
006 (15891668.000.000) 02/22 17:50:23 Image size of job updated: 8599464
	8398  -  MemoryUsage of job (MB)
	8598908  -  ResidentSetSize of job (KB)
...
006 (15891668.000.000) 02/22 17:55:24 Image size of job updated: 8716500
	8512  -  MemoryUsage of job (MB)
	8715876  -  ResidentSetSize of job (KB)
...
006 (15891668.000.000) 02/22 18:00:24 Image size of job updated: 8758496
	8554  -  MemoryUsage of job (MB)
	8758360  -  ResidentSetSize of job (KB)
...
006 (15891668.000.000) 02/22 18:05:25 Image size of job updated: 8795316
	8590  -  MemoryUsage of job (MB)
	8795180  -  ResidentSetSize of job (KB)
...
006 (15891668.000.000) 02/22 18:10:26 Image size of job updated: 8823652
	8617  -  MemoryUsage of job (MB)
	8823504  -  ResidentSetSize of job (KB)
...
006 (15891668.000.000) 02/22 18:15:26 Image size of job updated: 8843480
	8637  -  MemoryUsage of job (MB)
	8843332  -  ResidentSetSize of job (KB)
...
006 (15891668.000.000) 02/22 18:20:26 Image size of job updated: 8860460
	8653  -  MemoryUsage of job (MB)
	8860324  -  ResidentSetSize of job (KB)
...
006 (15891668.000.000) 02/22 18:25:27 Image size of job updated: 8875564
	8667  -  MemoryUsage of job (MB)
	8874488  -  ResidentSetSize of job (KB)
...
006 (15891668.000.000) 02/22 18:50:30 Image size of job updated: 9168904
	8954  -  MemoryUsage of job (MB)
	9168748  -  ResidentSetSize of job (KB)
...
006 (15891668.000.000) 02/22 18:55:30 Image size of job updated: 9334912
	9116  -  MemoryUsage of job (MB)
	9334772  -  ResidentSetSize of job (KB)
...
006 (15891668.000.000) 02/22 19:00:31 Image size of job updated: 9469936
	9248  -  MemoryUsage of job (MB)
	9469784  -  ResidentSetSize of job (KB)
...
006 (15891668.000.000) 02/22 19:05:32 Image size of job updated: 9540744
	9317  -  MemoryUsage of job (MB)
	9540584  -  ResidentSetSize of job (KB)
...
006 (15891668.000.000) 02/22 19:10:33 Image size of job updated: 9685536
	9457  -  MemoryUsage of job (MB)
	9683784  -  ResidentSetSize of job (KB)
...
006 (15891668.000.000) 02/22 19:15:33 Image size of job updated: 9874868
	9644  -  MemoryUsage of job (MB)
	9874676  -  ResidentSetSize of job (KB)
...
006 (15891668.000.000) 02/22 19:20:34 Image size of job updated: 9982512
	9749  -  MemoryUsage of job (MB)
	9982304  -  ResidentSetSize of job (KB)
...
006 (15891668.000.000) 02/22 19:25:35 Image size of job updated: 10139100
	9902  -  MemoryUsage of job (MB)
	10138892  -  ResidentSetSize of job (KB)
...
006 (15891668.000.000) 02/22 19:30:36 Image size of job updated: 10301656
	10061  -  MemoryUsage of job (MB)
	10301448  -  ResidentSetSize of job (KB)
...
006 (15891668.000.000) 02/22 19:35:36 Image size of job updated: 10455732
	10211  -  MemoryUsage of job (MB)
	10455524  -  ResidentSetSize of job (KB)
...
006 (15891668.000.000) 02/22 19:40:37 Image size of job updated: 10589608
	10342  -  MemoryUsage of job (MB)
	10589468  -  ResidentSetSize of job (KB)
...
006 (15891668.000.000) 02/22 19:45:38 Image size of job updated: 10746624
	10495  -  MemoryUsage of job (MB)
	10746488  -  ResidentSetSize of job (KB)
...
006 (15891668.000.000) 02/22 19:50:38 Image size of job updated: 10826100
	10573  -  MemoryUsage of job (MB)
	10825952  -  ResidentSetSize of job (KB)
...
006 (15891668.000.000) 02/22 19:55:38 Image size of job updated: 10888424
	10634  -  MemoryUsage of job (MB)
	10888272  -  ResidentSetSize of job (KB)
...
006 (15891668.000.000) 02/22 20:00:40 Image size of job updated: 10930896
	10675  -  MemoryUsage of job (MB)
	10930744  -  ResidentSetSize of job (KB)
...
006 (15891668.000.000) 02/22 20:05:40 Image size of job updated: 10973392
	10717  -  MemoryUsage of job (MB)
	10973240  -  ResidentSetSize of job (KB)
...
006 (15891668.000.000) 02/22 20:10:40 Image size of job updated: 11008344
	10750  -  MemoryUsage of job (MB)
	11007228  -  ResidentSetSize of job (KB)
...
006 (15891668.000.000) 02/22 20:15:41 Image size of job updated: 11028168
	10769  -  MemoryUsage of job (MB)
	11027052  -  ResidentSetSize of job (KB)
...
006 (15891668.000.000) 02/22 20:20:42 Image size of job updated: 11036664
	10777  -  MemoryUsage of job (MB)
	11035548  -  ResidentSetSize of job (KB)
...
006 (15891668.000.000) 02/22 20:25:42 Image size of job updated: 11036668
	10777  -  MemoryUsage of job (MB)
	11035548  -  ResidentSetSize of job (KB)
...
006 (15891668.000.000) 02/22 20:40:44 Image size of job updated: 11222960
	10959  -  MemoryUsage of job (MB)
	11221676  -  ResidentSetSize of job (KB)
...
006 (15891668.000.000) 02/22 20:45:45 Image size of job updated: 11365092
	11099  -  MemoryUsage of job (MB)
	11364876  -  ResidentSetSize of job (KB)
...
006 (15891668.000.000) 02/22 20:50:46 Image size of job updated: 11598316
	11327  -  MemoryUsage of job (MB)
	11597984  -  ResidentSetSize of job (KB)
...
006 (15891668.000.000) 02/22 20:55:46 Image size of job updated: 11677628
	11404  -  MemoryUsage of job (MB)
	11677296  -  ResidentSetSize of job (KB)
...
006 (15891668.000.000) 02/22 21:00:46 Image size of job updated: 11722952
	11448  -  MemoryUsage of job (MB)
	11722608  -  ResidentSetSize of job (KB)
...
006 (15891668.000.000) 02/22 21:05:48 Image size of job updated: 11776780
	11501  -  MemoryUsage of job (MB)
	11776436  -  ResidentSetSize of job (KB)
...
006 (15891668.000.000) 02/22 21:10:48 Image size of job updated: 11847532
	11570  -  MemoryUsage of job (MB)
	11847236  -  ResidentSetSize of job (KB)
...
006 (15891668.000.000) 02/22 21:15:48 Image size of job updated: 11995592
	11715  -  MemoryUsage of job (MB)
	11995248  -  ResidentSetSize of job (KB)
...
006 (15891668.000.000) 02/22 21:20:49 Image size of job updated: 12160976
	11876  -  MemoryUsage of job (MB)
	12160608  -  ResidentSetSize of job (KB)
...
006 (15891668.000.000) 02/22 21:25:50 Image size of job updated: 12277924
	11990  -  MemoryUsage of job (MB)
	12277556  -  ResidentSetSize of job (KB)
...
006 (15891668.000.000) 02/22 21:30:50 Image size of job updated: 12512780
	12220  -  MemoryUsage of job (MB)
	12512412  -  ResidentSetSize of job (KB)
...
006 (15891668.000.000) 02/22 21:35:51 Image size of job updated: 12600588
	12305  -  MemoryUsage of job (MB)
	12600220  -  ResidentSetSize of job (KB)
...
006 (15891668.000.000) 02/22 21:40:52 Image size of job updated: 12762888
	12464  -  MemoryUsage of job (MB)
	12762752  -  ResidentSetSize of job (KB)
...
006 (15891668.000.000) 02/22 21:45:52 Image size of job updated: 12845036
	12544  -  MemoryUsage of job (MB)
	12844900  -  ResidentSetSize of job (KB)
...
006 (15891668.000.000) 02/22 21:50:52 Image size of job updated: 12893460
	12592  -  MemoryUsage of job (MB)
	12893332  -  ResidentSetSize of job (KB)
...
006 (15891668.000.000) 02/22 21:55:53 Image size of job updated: 12945012
	12642  -  MemoryUsage of job (MB)
	12944884  -  ResidentSetSize of job (KB)
...
006 (15891668.000.000) 02/22 22:00:54 Image size of job updated: 12987496
	12683  -  MemoryUsage of job (MB)
	12987368  -  ResidentSetSize of job (KB)
...
006 (15891668.000.000) 02/22 22:05:54 Image size of job updated: 13010152
	12706  -  MemoryUsage of job (MB)
	13010024  -  ResidentSetSize of job (KB)
...
006 (15891668.000.000) 02/22 22:10:55 Image size of job updated: 13018820
	12714  -  MemoryUsage of job (MB)
	13018520  -  ResidentSetSize of job (KB)
...
006 (15891668.000.000) 02/22 22:15:56 Image size of job updated: 13116268
	12809  -  MemoryUsage of job (MB)
	13115916  -  ResidentSetSize of job (KB)
...
006 (15891668.000.000) 02/22 22:20:56 Image size of job updated: 13136100
	12828  -  MemoryUsage of job (MB)
	13135748  -  ResidentSetSize of job (KB)
...
006 (15891668.000.000) 02/22 22:25:57 Image size of job updated: 13147404
	12839  -  MemoryUsage of job (MB)
	13147072  -  ResidentSetSize of job (KB)
...
006 (15891668.000.000) 02/22 22:30:58 Image size of job updated: 13259732
	12949  -  MemoryUsage of job (MB)
	13259388  -  ResidentSetSize of job (KB)
...
006 (15891668.000.000) 02/22 22:35:58 Image size of job updated: 13386640
	13073  -  MemoryUsage of job (MB)
	13386280  -  ResidentSetSize of job (KB)
...
006 (15891668.000.000) 02/22 22:40:58 Image size of job updated: 13633016
	13314  -  MemoryUsage of job (MB)
	13632656  -  ResidentSetSize of job (KB)
...
006 (15891668.000.000) 02/22 22:45:59 Image size of job updated: 13700964
	13380  -  MemoryUsage of job (MB)
	13700604  -  ResidentSetSize of job (KB)
...
006 (15891668.000.000) 02/22 22:51:00 Image size of job updated: 13751948
	13430  -  MemoryUsage of job (MB)
	13751588  -  ResidentSetSize of job (KB)
...
006 (15891668.000.000) 02/22 22:56:00 Image size of job updated: 14072276
	13743  -  MemoryUsage of job (MB)
	14071924  -  ResidentSetSize of job (KB)
...
006 (15891668.000.000) 02/22 23:01:01 Image size of job updated: 14182740
	13850  -  MemoryUsage of job (MB)
	14182388  -  ResidentSetSize of job (KB)
...
006 (15891668.000.000) 02/22 23:06:02 Image size of job updated: 14264868
	13931  -  MemoryUsage of job (MB)
	14264516  -  ResidentSetSize of job (KB)
...
006 (15891668.000.000) 02/22 23:11:02 Image size of job updated: 14327180
	13992  -  MemoryUsage of job (MB)
	14326828  -  ResidentSetSize of job (KB)
...
006 (15891668.000.000) 02/22 23:16:03 Image size of job updated: 14352676
	14016  -  MemoryUsage of job (MB)
	14352324  -  ResidentSetSize of job (KB)
...
006 (15891668.000.000) 02/22 23:21:04 Image size of job updated: 14409324
	14072  -  MemoryUsage of job (MB)
	14408972  -  ResidentSetSize of job (KB)
...
006 (15891668.000.000) 02/22 23:26:04 Image size of job updated: 14523388
	14183  -  MemoryUsage of job (MB)
	14523028  -  ResidentSetSize of job (KB)
...
007 (15891668.000.000) 02/22 23:26:52 Shadow exception!
	Error from slot1_4@c8-10.icecube.wisc.edu: Policy violation. Memory limit exceeded: requested 8192MB, used 14196MB.
	0  -  Run Bytes Sent By Job
	0  -  Run Bytes Received By Job
...
012 (15891668.000.000) 02/22 23:26:52 Job was held.
	Error from slot1_4@c8-10.icecube.wisc.edu: Policy violation. Memory limit exceeded: requested 8192MB, used 14196MB.
	Code 21 Subcode 1001
...
009 (15891668.000.000) 02/23 04:17:02 Job was aborted by the user.
	via condor_rm (by user condor)
...
