000 (15818401.000.000) 02/20 15:24:32 Job submitted from host: <10.128.11.86:35145?addrs=10.128.11.86-35145>
...
001 (15818401.000.000) 02/20 15:26:59 Job executing on host: <10.128.10.56:45695?addrs=10.128.10.56-45695>
...
006 (15818401.000.000) 02/20 15:27:07 Image size of job updated: 271492
	218  -  MemoryUsage of job (MB)
	222848  -  ResidentSetSize of job (KB)
...
006 (15818401.000.000) 02/20 15:32:07 Image size of job updated: 1991920
	1897  -  MemoryUsage of job (MB)
	1942420  -  ResidentSetSize of job (KB)
...
006 (15818401.000.000) 02/20 15:47:09 Image size of job updated: 2022172
	1927  -  MemoryUsage of job (MB)
	1972464  -  ResidentSetSize of job (KB)
...
006 (15818401.000.000) 02/20 15:52:09 Image size of job updated: 2336084
	2243  -  MemoryUsage of job (MB)
	2296604  -  ResidentSetSize of job (KB)
...
006 (15818401.000.000) 02/20 15:57:10 Image size of job updated: 2358268
	2263  -  MemoryUsage of job (MB)
	2317216  -  ResidentSetSize of job (KB)
...
006 (15818401.000.000) 02/20 16:07:10 Image size of job updated: 2740144
	2674  -  MemoryUsage of job (MB)
	2737788  -  ResidentSetSize of job (KB)
...
005 (15818401.000.000) 02/20 17:09:22 Job terminated.
	(1) Normal termination (return value 0)
		Usr 0 06:41:21, Sys 0 00:24:34  -  Run Remote Usage
		Usr 0 00:00:00, Sys 0 00:00:00  -  Run Local Usage
		Usr 0 06:41:21, Sys 0 00:24:34  -  Total Remote Usage
		Usr 0 00:00:00, Sys 0 00:00:00  -  Total Local Usage
	0  -  Run Bytes Sent By Job
	0  -  Run Bytes Received By Job
	0  -  Total Bytes Sent By Job
	0  -  Total Bytes Received By Job
	Partitionable Resources :    Usage  Request Allocated 
	   Admin_mutex_1         :                           0 
	   Admin_mutex_2         :                           0 
	   Admin_mutex_3         :                           0 
	   Cpus                  :     4.79        5         5 
	   Disk (KB)             :     3     1048576   3313509 
	   Gpus                  :                           0 
	   Machine_token         :                           0 
	   Memory (MB)           :  2674        5120      5120 
...
