000 (15818408.000.000) 02/20 15:24:54 Job submitted from host: <10.128.11.86:35145?addrs=10.128.11.86-35145>
...
001 (15818408.000.000) 02/20 15:27:00 Job executing on host: <10.128.10.213:56369?addrs=10.128.10.213-56369>
...
006 (15818408.000.000) 02/20 15:27:08 Image size of job updated: 503592
	379  -  MemoryUsage of job (MB)
	387748  -  ResidentSetSize of job (KB)
...
006 (15818408.000.000) 02/20 15:32:08 Image size of job updated: 2434592
	2271  -  MemoryUsage of job (MB)
	2325000  -  ResidentSetSize of job (KB)
...
006 (15818408.000.000) 02/20 15:42:10 Image size of job updated: 3912244
	3716  -  MemoryUsage of job (MB)
	3804636  -  ResidentSetSize of job (KB)
...
006 (15818408.000.000) 02/20 16:02:12 Image size of job updated: 4113764
	3979  -  MemoryUsage of job (MB)
	4073640  -  ResidentSetSize of job (KB)
...
006 (15818408.000.000) 02/20 16:17:13 Image size of job updated: 4693300
	4581  -  MemoryUsage of job (MB)
	4690816  -  ResidentSetSize of job (KB)
...
006 (15818408.000.000) 02/20 16:42:16 Image size of job updated: 5495072
	5365  -  MemoryUsage of job (MB)
	5493028  -  ResidentSetSize of job (KB)
...
006 (15818408.000.000) 02/20 17:12:18 Image size of job updated: 5705980
	5570  -  MemoryUsage of job (MB)
	5703160  -  ResidentSetSize of job (KB)
...
007 (15818408.000.000) 02/20 17:36:13 Shadow exception!
	Error from slot1_9@rad-6.icecube.wisc.edu: Policy violation. Memory limit exceeded: requested 5120MB, used 6171MB.
	0  -  Run Bytes Sent By Job
	0  -  Run Bytes Received By Job
...
012 (15818408.000.000) 02/20 17:36:13 Job was held.
	Error from slot1_9@rad-6.icecube.wisc.edu: Policy violation. Memory limit exceeded: requested 5120MB, used 6171MB.
	Code 21 Subcode 1001
...
009 (15818408.000.000) 02/21 00:17:03 Job was aborted by the user.
	via condor_rm (by user condor)
...
