000 (16085829.000.000) 02/26 13:44:18 Job submitted from host: <10.128.11.86:35145?addrs=10.128.11.86-35145>
...
001 (16085829.000.000) 02/26 13:49:15 Job executing on host: <10.128.10.210:47666?addrs=10.128.10.210-47666>
...
006 (16085829.000.000) 02/26 13:49:24 Image size of job updated: 414116
	358  -  MemoryUsage of job (MB)
	366192  -  ResidentSetSize of job (KB)
...
006 (16085829.000.000) 02/26 13:54:25 Image size of job updated: 1916164
	1766  -  MemoryUsage of job (MB)
	1807424  -  ResidentSetSize of job (KB)
...
006 (16085829.000.000) 02/26 13:59:26 Image size of job updated: 1916164
	1766  -  MemoryUsage of job (MB)
	1807864  -  ResidentSetSize of job (KB)
...
006 (16085829.000.000) 02/26 14:04:26 Image size of job updated: 2147972
	2051  -  MemoryUsage of job (MB)
	2099400  -  ResidentSetSize of job (KB)
...
006 (16085829.000.000) 02/26 14:09:26 Image size of job updated: 2148820
	2052  -  MemoryUsage of job (MB)
	2100240  -  ResidentSetSize of job (KB)
...
006 (16085829.000.000) 02/26 14:14:26 Image size of job updated: 2148820
	2060  -  MemoryUsage of job (MB)
	2109028  -  ResidentSetSize of job (KB)
...
006 (16085829.000.000) 02/26 14:24:28 Image size of job updated: 2375848
	2318  -  MemoryUsage of job (MB)
	2373016  -  ResidentSetSize of job (KB)
...
006 (16085829.000.000) 02/26 14:29:28 Image size of job updated: 2434752
	2376  -  MemoryUsage of job (MB)
	2432376  -  ResidentSetSize of job (KB)
...
006 (16085829.000.000) 02/26 14:34:28 Image size of job updated: 2596812
	2534  -  MemoryUsage of job (MB)
	2594320  -  ResidentSetSize of job (KB)
...
006 (16085829.000.000) 02/26 14:44:30 Image size of job updated: 2658496
	2594  -  MemoryUsage of job (MB)
	2656028  -  ResidentSetSize of job (KB)
...
006 (16085829.000.000) 02/26 14:49:30 Image size of job updated: 2658496
	2595  -  MemoryUsage of job (MB)
	2656400  -  ResidentSetSize of job (KB)
...
006 (16085829.000.000) 02/26 14:59:31 Image size of job updated: 3098400
	3025  -  MemoryUsage of job (MB)
	3096696  -  ResidentSetSize of job (KB)
...
005 (16085829.000.000) 02/26 15:45:21 Job terminated.
	(1) Normal termination (return value 0)
		Usr 0 08:39:55, Sys 0 00:09:59  -  Run Remote Usage
		Usr 0 00:00:00, Sys 0 00:00:00  -  Run Local Usage
		Usr 0 08:39:55, Sys 0 00:09:59  -  Total Remote Usage
		Usr 0 00:00:00, Sys 0 00:00:00  -  Total Local Usage
	0  -  Run Bytes Sent By Job
	0  -  Run Bytes Received By Job
	0  -  Total Bytes Sent By Job
	0  -  Total Bytes Received By Job
	Partitionable Resources :    Usage  Request Allocated 
	   Admin_mutex_1         :                           0 
	   Admin_mutex_2         :                           0 
	   Admin_mutex_3         :                           0 
	   Cpus                  :     4.53        5         5 
	   Disk (KB)             :     3     1048576   1612148 
	   Gpus                  :                           0 
	   Machine_token         :                           0 
	   Memory (MB)           :  3025       10240     10240 
...
