000 (15788571.000.000) 02/20 08:21:46 Job submitted from host: <10.128.11.86:35145?addrs=10.128.11.86-35145>
...
001 (15788571.000.000) 02/20 08:57:25 Job executing on host: <10.128.11.25:60213?addrs=10.128.11.25-60213>
...
006 (15788571.000.000) 02/20 08:57:34 Image size of job updated: 139672
	82  -  MemoryUsage of job (MB)
	83516  -  ResidentSetSize of job (KB)
...
006 (15788571.000.000) 02/20 09:02:34 Image size of job updated: 1797564
	1702  -  MemoryUsage of job (MB)
	1741936  -  ResidentSetSize of job (KB)
...
006 (15788571.000.000) 02/20 09:07:34 Image size of job updated: 1806392
	1718  -  MemoryUsage of job (MB)
	1759020  -  ResidentSetSize of job (KB)
...
006 (15788571.000.000) 02/20 09:12:35 Image size of job updated: 1806392
	1719  -  MemoryUsage of job (MB)
	1759248  -  ResidentSetSize of job (KB)
...
005 (15788571.000.000) 02/20 09:22:18 Job terminated.
	(1) Normal termination (return value 0)
		Usr 0 01:35:13, Sys 0 00:05:25  -  Run Remote Usage
		Usr 0 00:00:00, Sys 0 00:00:00  -  Run Local Usage
		Usr 0 01:35:13, Sys 0 00:05:25  -  Total Remote Usage
		Usr 0 00:00:00, Sys 0 00:00:00  -  Total Local Usage
	0  -  Run Bytes Sent By Job
	0  -  Run Bytes Received By Job
	0  -  Total Bytes Sent By Job
	0  -  Total Bytes Received By Job
	Partitionable Resources :    Usage  Request Allocated 
	   Admin_mutex_1         :                           0 
	   Admin_mutex_2         :                           0 
	   Admin_mutex_3         :                           0 
	   Cpus                  :     3.46        5         5 
	   Disk (KB)             :     3     1048576   3318689 
	   Gpus                  :                           0 
	   Machine_token         :                           0 
	   Memory (MB)           :  1719        5120      5120 
...
