000 (16085877.000.000) 02/26 13:45:28 Job submitted from host: <10.128.11.86:35145?addrs=10.128.11.86-35145>
...
001 (16085877.000.000) 02/26 13:54:18 Job executing on host: <10.128.10.31:58136?addrs=10.128.10.31-58136>
...
006 (16085877.000.000) 02/26 13:54:27 Image size of job updated: 723000
	662  -  MemoryUsage of job (MB)
	676956  -  ResidentSetSize of job (KB)
...
006 (16085877.000.000) 02/26 13:59:28 Image size of job updated: 1776120
	1690  -  MemoryUsage of job (MB)
	1729956  -  ResidentSetSize of job (KB)
...
006 (16085877.000.000) 02/26 14:09:28 Image size of job updated: 1830944
	1743  -  MemoryUsage of job (MB)
	1784780  -  ResidentSetSize of job (KB)
...
006 (16085877.000.000) 02/26 14:14:29 Image size of job updated: 1852980
	1808  -  MemoryUsage of job (MB)
	1850904  -  ResidentSetSize of job (KB)
...
006 (16085877.000.000) 02/26 14:19:30 Image size of job updated: 1926400
	1880  -  MemoryUsage of job (MB)
	1924188  -  ResidentSetSize of job (KB)
...
005 (16085877.000.000) 02/26 14:44:43 Job terminated.
	(1) Normal termination (return value 0)
		Usr 0 03:26:22, Sys 0 00:07:12  -  Run Remote Usage
		Usr 0 00:00:00, Sys 0 00:00:00  -  Run Local Usage
		Usr 0 03:26:22, Sys 0 00:07:12  -  Total Remote Usage
		Usr 0 00:00:00, Sys 0 00:00:00  -  Total Local Usage
	0  -  Run Bytes Sent By Job
	0  -  Run Bytes Received By Job
	0  -  Total Bytes Sent By Job
	0  -  Total Bytes Received By Job
	Partitionable Resources :    Usage  Request Allocated 
	   Admin_mutex_1         :                           0 
	   Admin_mutex_2         :                           0 
	   Admin_mutex_3         :                           0 
	   Cpus                  :     3.59        5         5 
	   Disk (KB)             :     3     1048576   1610112 
	   Gpus                  :                           0 
	   Machine_token         :                           0 
	   Memory (MB)           :  1880       10240     10240 
...
