000 (15818129.000.000) 02/20 15:15:38 Job submitted from host: <10.128.11.86:35145?addrs=10.128.11.86-35145>
...
001 (15818129.000.000) 02/20 15:16:58 Job executing on host: <10.128.10.68:49089?addrs=10.128.10.68-49089>
...
006 (15818129.000.000) 02/20 15:17:07 Image size of job updated: 671308
	608  -  MemoryUsage of job (MB)
	622460  -  ResidentSetSize of job (KB)
...
006 (15818129.000.000) 02/20 15:22:08 Image size of job updated: 2061048
	1973  -  MemoryUsage of job (MB)
	2020064  -  ResidentSetSize of job (KB)
...
006 (15818129.000.000) 02/20 15:27:08 Image size of job updated: 2061048
	1979  -  MemoryUsage of job (MB)
	2025796  -  ResidentSetSize of job (KB)
...
006 (15818129.000.000) 02/20 15:32:09 Image size of job updated: 2064324
	1979  -  MemoryUsage of job (MB)
	2025796  -  ResidentSetSize of job (KB)
...
006 (15818129.000.000) 02/20 15:47:11 Image size of job updated: 2339536
	2245  -  MemoryUsage of job (MB)
	2298712  -  ResidentSetSize of job (KB)
...
006 (15818129.000.000) 02/20 15:52:13 Image size of job updated: 2577052
	2477  -  MemoryUsage of job (MB)
	2535972  -  ResidentSetSize of job (KB)
...
006 (15818129.000.000) 02/20 16:02:13 Image size of job updated: 2604200
	2503  -  MemoryUsage of job (MB)
	2562776  -  ResidentSetSize of job (KB)
...
006 (15818129.000.000) 02/20 16:07:14 Image size of job updated: 2696424
	2630  -  MemoryUsage of job (MB)
	2692928  -  ResidentSetSize of job (KB)
...
006 (15818129.000.000) 02/20 16:12:15 Image size of job updated: 2729912
	2663  -  MemoryUsage of job (MB)
	2726400  -  ResidentSetSize of job (KB)
...
006 (15818129.000.000) 02/20 16:17:15 Image size of job updated: 2775224
	2708  -  MemoryUsage of job (MB)
	2772140  -  ResidentSetSize of job (KB)
...
006 (15818129.000.000) 02/20 16:32:16 Image size of job updated: 2902936
	2832  -  MemoryUsage of job (MB)
	2899672  -  ResidentSetSize of job (KB)
...
006 (15818129.000.000) 02/20 16:42:17 Image size of job updated: 2959360
	2888  -  MemoryUsage of job (MB)
	2956924  -  ResidentSetSize of job (KB)
...
006 (15818129.000.000) 02/20 16:47:20 Image size of job updated: 2959360
	2900  -  MemoryUsage of job (MB)
	2969140  -  ResidentSetSize of job (KB)
...
006 (15818129.000.000) 02/20 17:17:21 Image size of job updated: 3280472
	3201  -  MemoryUsage of job (MB)
	3277176  -  ResidentSetSize of job (KB)
...
005 (15818129.000.000) 02/20 21:00:59 Job terminated.
	(1) Normal termination (return value 0)
		Usr 1 01:15:24, Sys 0 00:46:05  -  Run Remote Usage
		Usr 0 00:00:00, Sys 0 00:00:00  -  Run Local Usage
		Usr 1 01:15:24, Sys 0 00:46:05  -  Total Remote Usage
		Usr 0 00:00:00, Sys 0 00:00:00  -  Total Local Usage
	0  -  Run Bytes Sent By Job
	0  -  Run Bytes Received By Job
	0  -  Total Bytes Sent By Job
	0  -  Total Bytes Received By Job
	Partitionable Resources :    Usage  Request Allocated 
	   Admin_mutex_1         :                           0 
	   Admin_mutex_2         :                           0 
	   Admin_mutex_3         :                           0 
	   Cpus                  :     4.97        5         5 
	   Disk (KB)             :     3     1048576   1609320 
	   Gpus                  :                           0 
	   Machine_token         :                           0 
	   Memory (MB)           :  3201        5120      5120 
...
