000 (15818117.000.000) 02/20 15:15:20 Job submitted from host: <10.128.11.86:35145?addrs=10.128.11.86-35145>
...
001 (15818117.000.000) 02/20 15:15:57 Job executing on host: <10.128.10.51:38348?addrs=10.128.10.51-38348>
...
006 (15818117.000.000) 02/20 15:16:06 Image size of job updated: 223916
	191  -  MemoryUsage of job (MB)
	195496  -  ResidentSetSize of job (KB)
...
006 (15818117.000.000) 02/20 15:21:07 Image size of job updated: 1718672
	1655  -  MemoryUsage of job (MB)
	1694352  -  ResidentSetSize of job (KB)
...
006 (15818117.000.000) 02/20 15:26:07 Image size of job updated: 2060848
	1989  -  MemoryUsage of job (MB)
	2036364  -  ResidentSetSize of job (KB)
...
006 (15818117.000.000) 02/20 15:31:07 Image size of job updated: 2060848
	1989  -  MemoryUsage of job (MB)
	2036368  -  ResidentSetSize of job (KB)
...
006 (15818117.000.000) 02/20 15:36:08 Image size of job updated: 2133980
	2082  -  MemoryUsage of job (MB)
	2131496  -  ResidentSetSize of job (KB)
...
006 (15818117.000.000) 02/20 15:41:09 Image size of job updated: 2248500
	2194  -  MemoryUsage of job (MB)
	2245912  -  ResidentSetSize of job (KB)
...
006 (15818117.000.000) 02/20 16:06:11 Image size of job updated: 2412156
	2353  -  MemoryUsage of job (MB)
	2409456  -  ResidentSetSize of job (KB)
...
006 (15818117.000.000) 02/20 16:11:11 Image size of job updated: 2412156
	2353  -  MemoryUsage of job (MB)
	2409460  -  ResidentSetSize of job (KB)
...
006 (15818117.000.000) 02/20 16:16:12 Image size of job updated: 2630304
	2566  -  MemoryUsage of job (MB)
	2627356  -  ResidentSetSize of job (KB)
...
006 (15818117.000.000) 02/20 16:26:13 Image size of job updated: 2746648
	2681  -  MemoryUsage of job (MB)
	2744944  -  ResidentSetSize of job (KB)
...
006 (15818117.000.000) 02/20 16:31:14 Image size of job updated: 2746648
	2696  -  MemoryUsage of job (MB)
	2759720  -  ResidentSetSize of job (KB)
...
005 (15818117.000.000) 02/20 17:36:35 Job terminated.
	(1) Normal termination (return value 0)
		Usr 0 10:14:04, Sys 0 00:18:11  -  Run Remote Usage
		Usr 0 00:00:00, Sys 0 00:00:00  -  Run Local Usage
		Usr 0 10:14:04, Sys 0 00:18:11  -  Total Remote Usage
		Usr 0 00:00:00, Sys 0 00:00:00  -  Total Local Usage
	0  -  Run Bytes Sent By Job
	0  -  Run Bytes Received By Job
	0  -  Total Bytes Sent By Job
	0  -  Total Bytes Received By Job
	Partitionable Resources :    Usage  Request Allocated 
	   Admin_mutex_1         :                           0 
	   Admin_mutex_2         :                           0 
	   Admin_mutex_3         :                           0 
	   Cpus                  :     4.97        5         5 
	   Disk (KB)             :     3     1048576   3312994 
	   Gpus                  :                           0 
	   Machine_token         :                           0 
	   Memory (MB)           :  2696        5120      5120 
...
