000 (16085850.000.000) 02/26 13:44:51 Job submitted from host: <10.128.11.86:35145?addrs=10.128.11.86-35145>
...
001 (16085850.000.000) 02/26 13:51:14 Job executing on host: <10.128.10.22:57877?addrs=10.128.10.22-57877>
...
006 (16085850.000.000) 02/26 13:51:23 Image size of job updated: 252036
	222  -  MemoryUsage of job (MB)
	226924  -  ResidentSetSize of job (KB)
...
006 (16085850.000.000) 02/26 13:56:23 Image size of job updated: 1897028
	1828  -  MemoryUsage of job (MB)
	1871552  -  ResidentSetSize of job (KB)
...
006 (16085850.000.000) 02/26 14:01:23 Image size of job updated: 2014756
	1943  -  MemoryUsage of job (MB)
	1989280  -  ResidentSetSize of job (KB)
...
006 (16085850.000.000) 02/26 14:11:25 Image size of job updated: 2039048
	1967  -  MemoryUsage of job (MB)
	2013572  -  ResidentSetSize of job (KB)
...
006 (16085850.000.000) 02/26 14:36:27 Image size of job updated: 2215872
	2163  -  MemoryUsage of job (MB)
	2214276  -  ResidentSetSize of job (KB)
...
005 (16085850.000.000) 02/26 15:14:05 Job terminated.
	(1) Normal termination (return value 0)
		Usr 0 05:09:14, Sys 0 00:16:59  -  Run Remote Usage
		Usr 0 00:00:00, Sys 0 00:00:00  -  Run Local Usage
		Usr 0 05:09:14, Sys 0 00:16:59  -  Total Remote Usage
		Usr 0 00:00:00, Sys 0 00:00:00  -  Total Local Usage
	0  -  Run Bytes Sent By Job
	0  -  Run Bytes Received By Job
	0  -  Total Bytes Sent By Job
	0  -  Total Bytes Received By Job
	Partitionable Resources :    Usage  Request Allocated 
	   Admin_mutex_1         :                           0 
	   Admin_mutex_2         :                           0 
	   Admin_mutex_3         :                           0 
	   Cpus                  :     3.15        5         5 
	   Disk (KB)             :     3     1048576   1610782 
	   Gpus                  :                           0 
	   Machine_token         :                           0 
	   Memory (MB)           :  2163       10240     10240 
...
