000 (15818400.000.000) 02/20 15:24:26 Job submitted from host: <10.128.11.86:35145?addrs=10.128.11.86-35145>
...
001 (15818400.000.000) 02/20 15:26:59 Job executing on host: <10.128.11.58:38346?addrs=10.128.11.58-38346>
...
006 (15818400.000.000) 02/20 15:27:08 Image size of job updated: 684312
	630  -  MemoryUsage of job (MB)
	644172  -  ResidentSetSize of job (KB)
...
006 (15818400.000.000) 02/20 15:32:09 Image size of job updated: 1720752
	1641  -  MemoryUsage of job (MB)
	1680332  -  ResidentSetSize of job (KB)
...
006 (15818400.000.000) 02/20 15:37:10 Image size of job updated: 2304972
	2213  -  MemoryUsage of job (MB)
	2265412  -  ResidentSetSize of job (KB)
...
006 (15818400.000.000) 02/20 15:42:10 Image size of job updated: 2659112
	2558  -  MemoryUsage of job (MB)
	2619112  -  ResidentSetSize of job (KB)
...
006 (15818400.000.000) 02/20 15:47:10 Image size of job updated: 2794428
	2691  -  MemoryUsage of job (MB)
	2754916  -  ResidentSetSize of job (KB)
...
006 (15818400.000.000) 02/20 16:02:12 Image size of job updated: 3288960
	3174  -  MemoryUsage of job (MB)
	3249608  -  ResidentSetSize of job (KB)
...
006 (15818400.000.000) 02/20 16:07:12 Image size of job updated: 3355648
	3275  -  MemoryUsage of job (MB)
	3353420  -  ResidentSetSize of job (KB)
...
006 (15818400.000.000) 02/20 16:27:14 Image size of job updated: 3565628
	3481  -  MemoryUsage of job (MB)
	3563636  -  ResidentSetSize of job (KB)
...
006 (15818400.000.000) 02/20 16:32:15 Image size of job updated: 3565628
	3501  -  MemoryUsage of job (MB)
	3584632  -  ResidentSetSize of job (KB)
...
006 (15818400.000.000) 02/20 16:37:15 Image size of job updated: 3581876
	3501  -  MemoryUsage of job (MB)
	3584632  -  ResidentSetSize of job (KB)
...
006 (15818400.000.000) 02/20 16:47:16 Image size of job updated: 4018676
	3923  -  MemoryUsage of job (MB)
	4016728  -  ResidentSetSize of job (KB)
...
006 (15818400.000.000) 02/20 16:52:16 Image size of job updated: 4389432
	4285  -  MemoryUsage of job (MB)
	4387020  -  ResidentSetSize of job (KB)
...
006 (15818400.000.000) 02/20 17:02:18 Image size of job updated: 4942260
	4824  -  MemoryUsage of job (MB)
	4939732  -  ResidentSetSize of job (KB)
...
006 (15818400.000.000) 02/20 17:27:20 Image size of job updated: 5237160
	5112  -  MemoryUsage of job (MB)
	5234544  -  ResidentSetSize of job (KB)
...
006 (15818400.000.000) 02/20 17:32:21 Image size of job updated: 5237160
	5113  -  MemoryUsage of job (MB)
	5235456  -  ResidentSetSize of job (KB)
...
006 (15818400.000.000) 02/20 17:42:22 Image size of job updated: 5302600
	5177  -  MemoryUsage of job (MB)
	5300640  -  ResidentSetSize of job (KB)
...
005 (15818400.000.000) 02/20 19:21:02 Job terminated.
	(1) Normal termination (return value 0)
		Usr 0 17:30:03, Sys 0 00:23:33  -  Run Remote Usage
		Usr 0 00:00:00, Sys 0 00:00:00  -  Run Local Usage
		Usr 0 17:30:03, Sys 0 00:23:33  -  Total Remote Usage
		Usr 0 00:00:00, Sys 0 00:00:00  -  Total Local Usage
	0  -  Run Bytes Sent By Job
	0  -  Run Bytes Received By Job
	0  -  Total Bytes Sent By Job
	0  -  Total Bytes Received By Job
	Partitionable Resources :    Usage  Request Allocated 
	   Admin_mutex_1         :                           0 
	   Admin_mutex_2         :                           0 
	   Admin_mutex_3         :                           0 
	   Cpus                  :     4.78        5         5 
	   Disk (KB)             :     3     1048576   3311762 
	   Gpus                  :                           0 
	   Machine_token         :                           0 
	   Memory (MB)           :  5177        5120      5120 
...
