000 (16085911.000.000) 02/26 13:46:22 Job submitted from host: <10.128.11.86:35145?addrs=10.128.11.86-35145>
...
001 (16085911.000.000) 02/26 13:54:18 Job executing on host: <10.128.10.65:57952?addrs=10.128.10.65-57952>
...
006 (16085911.000.000) 02/26 13:54:27 Image size of job updated: 291968
	238  -  MemoryUsage of job (MB)
	243304  -  ResidentSetSize of job (KB)
...
006 (16085911.000.000) 02/26 13:59:28 Image size of job updated: 1834652
	1744  -  MemoryUsage of job (MB)
	1785296  -  ResidentSetSize of job (KB)
...
006 (16085911.000.000) 02/26 14:04:28 Image size of job updated: 2146020
	2048  -  MemoryUsage of job (MB)
	2096648  -  ResidentSetSize of job (KB)
...
006 (16085911.000.000) 02/26 14:14:29 Image size of job updated: 2187736
	2134  -  MemoryUsage of job (MB)
	2184748  -  ResidentSetSize of job (KB)
...
006 (16085911.000.000) 02/26 14:29:30 Image size of job updated: 2324448
	2268  -  MemoryUsage of job (MB)
	2321556  -  ResidentSetSize of job (KB)
...
006 (16085911.000.000) 02/26 14:34:31 Image size of job updated: 2454168
	2394  -  MemoryUsage of job (MB)
	2451276  -  ResidentSetSize of job (KB)
...
006 (16085911.000.000) 02/26 14:49:32 Image size of job updated: 2578500
	2516  -  MemoryUsage of job (MB)
	2575604  -  ResidentSetSize of job (KB)
...
005 (16085911.000.000) 02/26 15:53:42 Job terminated.
	(1) Normal termination (return value 0)
		Usr 0 08:20:35, Sys 0 00:16:29  -  Run Remote Usage
		Usr 0 00:00:00, Sys 0 00:00:00  -  Run Local Usage
		Usr 0 08:20:35, Sys 0 00:16:29  -  Total Remote Usage
		Usr 0 00:00:00, Sys 0 00:00:00  -  Total Local Usage
	0  -  Run Bytes Sent By Job
	0  -  Run Bytes Received By Job
	0  -  Total Bytes Sent By Job
	0  -  Total Bytes Received By Job
	Partitionable Resources :    Usage  Request Allocated 
	   Admin_mutex_1         :                           0 
	   Admin_mutex_2         :                           0 
	   Admin_mutex_3         :                           0 
	   Cpus                  :     5.00        5         5 
	   Disk (KB)             :     3     1048576   1612152 
	   Gpus                  :                           0 
	   Machine_token         :                           0 
	   Memory (MB)           :  2516       10240     10240 
...
