000 (16085854.000.000) 02/26 13:44:54 Job submitted from host: <10.128.11.86:35145?addrs=10.128.11.86-35145>
...
001 (16085854.000.000) 02/26 13:51:15 Job executing on host: <10.128.10.22:57877?addrs=10.128.10.22-57877>
...
006 (16085854.000.000) 02/26 13:51:23 Image size of job updated: 250416
	222  -  MemoryUsage of job (MB)
	226924  -  ResidentSetSize of job (KB)
...
006 (16085854.000.000) 02/26 13:56:23 Image size of job updated: 2231128
	2156  -  MemoryUsage of job (MB)
	2207288  -  ResidentSetSize of job (KB)
...
006 (16085854.000.000) 02/26 14:11:25 Image size of job updated: 2299608
	2223  -  MemoryUsage of job (MB)
	2275752  -  ResidentSetSize of job (KB)
...
006 (16085854.000.000) 02/26 14:16:25 Image size of job updated: 2699104
	2635  -  MemoryUsage of job (MB)
	2697628  -  ResidentSetSize of job (KB)
...
006 (16085854.000.000) 02/26 14:26:26 Image size of job updated: 2791588
	2725  -  MemoryUsage of job (MB)
	2790116  -  ResidentSetSize of job (KB)
...
006 (16085854.000.000) 02/26 14:31:27 Image size of job updated: 3233332
	3157  -  MemoryUsage of job (MB)
	3231856  -  ResidentSetSize of job (KB)
...
006 (16085854.000.000) 02/26 14:41:28 Image size of job updated: 3253132
	3176  -  MemoryUsage of job (MB)
	3251656  -  ResidentSetSize of job (KB)
...
006 (16085854.000.000) 02/26 15:31:33 Image size of job updated: 3690164
	3603  -  MemoryUsage of job (MB)
	3689460  -  ResidentSetSize of job (KB)
...
006 (16085854.000.000) 02/26 15:36:33 Image size of job updated: 3690164
	3604  -  MemoryUsage of job (MB)
	3689488  -  ResidentSetSize of job (KB)
...
006 (16085854.000.000) 02/26 15:56:35 Image size of job updated: 3777120
	3688  -  MemoryUsage of job (MB)
	3776352  -  ResidentSetSize of job (KB)
...
006 (16085854.000.000) 02/26 16:01:36 Image size of job updated: 3995896
	3902  -  MemoryUsage of job (MB)
	3995188  -  ResidentSetSize of job (KB)
...
006 (16085854.000.000) 02/26 16:26:38 Image size of job updated: 4067820
	3970  -  MemoryUsage of job (MB)
	4064764  -  ResidentSetSize of job (KB)
...
006 (16085854.000.000) 02/26 16:31:38 Image size of job updated: 4868860
	4752  -  MemoryUsage of job (MB)
	4865768  -  ResidentSetSize of job (KB)
...
005 (16085854.000.000) 02/26 18:52:50 Job terminated.
	(1) Normal termination (return value 0)
		Usr 0 22:12:02, Sys 0 00:35:12  -  Run Remote Usage
		Usr 0 00:00:00, Sys 0 00:00:00  -  Run Local Usage
		Usr 0 22:12:02, Sys 0 00:35:12  -  Total Remote Usage
		Usr 0 00:00:00, Sys 0 00:00:00  -  Total Local Usage
	0  -  Run Bytes Sent By Job
	0  -  Run Bytes Received By Job
	0  -  Total Bytes Sent By Job
	0  -  Total Bytes Received By Job
	Partitionable Resources :    Usage  Request Allocated 
	   Admin_mutex_1         :                           0 
	   Admin_mutex_2         :                           0 
	   Admin_mutex_3         :                           0 
	   Cpus                  :     4.57        5         5 
	   Disk (KB)             :     3     1048576   1610781 
	   Gpus                  :                           0 
	   Machine_token         :                           0 
	   Memory (MB)           :  4752       10240     10240 
...
