000 (15818375.000.000) 02/20 15:24:06 Job submitted from host: <10.128.11.86:35145?addrs=10.128.11.86-35145>
...
001 (15818375.000.000) 02/20 15:26:59 Job executing on host: <10.128.10.67:60751?addrs=10.128.10.67-60751>
...
006 (15818375.000.000) 02/20 15:27:07 Image size of job updated: 313204
	218  -  MemoryUsage of job (MB)
	222840  -  ResidentSetSize of job (KB)
...
006 (15818375.000.000) 02/20 15:32:07 Image size of job updated: 1779800
	1658  -  MemoryUsage of job (MB)
	1696956  -  ResidentSetSize of job (KB)
...
006 (15818375.000.000) 02/20 15:37:08 Image size of job updated: 1779800
	1692  -  MemoryUsage of job (MB)
	1732396  -  ResidentSetSize of job (KB)
...
006 (15818375.000.000) 02/20 15:42:08 Image size of job updated: 1779800
	1692  -  MemoryUsage of job (MB)
	1732432  -  ResidentSetSize of job (KB)
...
006 (15818375.000.000) 02/20 15:47:08 Image size of job updated: 1952936
	1868  -  MemoryUsage of job (MB)
	1912408  -  ResidentSetSize of job (KB)
...
005 (15818375.000.000) 02/20 16:10:00 Job terminated.
	(1) Normal termination (return value 0)
		Usr 0 02:50:18, Sys 0 00:07:12  -  Run Remote Usage
		Usr 0 00:00:00, Sys 0 00:00:00  -  Run Local Usage
		Usr 0 02:50:18, Sys 0 00:07:12  -  Total Remote Usage
		Usr 0 00:00:00, Sys 0 00:00:00  -  Total Local Usage
	0  -  Run Bytes Sent By Job
	0  -  Run Bytes Received By Job
	0  -  Total Bytes Sent By Job
	0  -  Total Bytes Received By Job
	Partitionable Resources :    Usage  Request Allocated 
	   Admin_mutex_1         :                           0 
	   Admin_mutex_2         :                           0 
	   Admin_mutex_3         :                           0 
	   Cpus                  :     4.02        5         5 
	   Disk (KB)             :     3     1048576   1601088 
	   Gpus                  :                           0 
	   Machine_token         :                           0 
	   Memory (MB)           :  1868        5120      5120 
...
