000 (15818098.000.000) 02/20 15:15:06 Job submitted from host: <10.128.11.86:35145?addrs=10.128.11.86-35145>
...
001 (15818098.000.000) 02/20 15:15:57 Job executing on host: <10.128.10.51:38348?addrs=10.128.10.51-38348>
...
006 (15818098.000.000) 02/20 15:16:06 Image size of job updated: 356012
	315  -  MemoryUsage of job (MB)
	321844  -  ResidentSetSize of job (KB)
...
006 (15818098.000.000) 02/20 15:21:07 Image size of job updated: 2001892
	1926  -  MemoryUsage of job (MB)
	1971756  -  ResidentSetSize of job (KB)
...
006 (15818098.000.000) 02/20 15:26:07 Image size of job updated: 2087964
	2010  -  MemoryUsage of job (MB)
	2058184  -  ResidentSetSize of job (KB)
...
006 (15818098.000.000) 02/20 15:31:07 Image size of job updated: 2169944
	2090  -  MemoryUsage of job (MB)
	2139836  -  ResidentSetSize of job (KB)
...
006 (15818098.000.000) 02/20 15:41:09 Image size of job updated: 2342048
	2273  -  MemoryUsage of job (MB)
	2327136  -  ResidentSetSize of job (KB)
...
006 (15818098.000.000) 02/20 15:51:09 Image size of job updated: 2489440
	2417  -  MemoryUsage of job (MB)
	2474400  -  ResidentSetSize of job (KB)
...
006 (15818098.000.000) 02/20 15:56:10 Image size of job updated: 2495080
	2423  -  MemoryUsage of job (MB)
	2480328  -  ResidentSetSize of job (KB)
...
006 (15818098.000.000) 02/20 16:06:11 Image size of job updated: 2547324
	2474  -  MemoryUsage of job (MB)
	2532740  -  ResidentSetSize of job (KB)
...
006 (15818098.000.000) 02/20 16:11:11 Image size of job updated: 2590312
	2529  -  MemoryUsage of job (MB)
	2588844  -  ResidentSetSize of job (KB)
...
006 (15818098.000.000) 02/20 16:16:12 Image size of job updated: 2590312
	2529  -  MemoryUsage of job (MB)
	2588932  -  ResidentSetSize of job (KB)
...
006 (15818098.000.000) 02/20 16:21:12 Image size of job updated: 2592724
	2531  -  MemoryUsage of job (MB)
	2591580  -  ResidentSetSize of job (KB)
...
006 (15818098.000.000) 02/20 16:31:14 Image size of job updated: 2682008
	2618  -  MemoryUsage of job (MB)
	2680180  -  ResidentSetSize of job (KB)
...
006 (15818098.000.000) 02/20 16:51:17 Image size of job updated: 2913100
	2831  -  MemoryUsage of job (MB)
	2898336  -  ResidentSetSize of job (KB)
...
006 (15818098.000.000) 02/20 16:56:17 Image size of job updated: 3088008
	3002  -  MemoryUsage of job (MB)
	3073976  -  ResidentSetSize of job (KB)
...
006 (15818098.000.000) 02/20 17:01:18 Image size of job updated: 3301828
	3224  -  MemoryUsage of job (MB)
	3300548  -  ResidentSetSize of job (KB)
...
006 (15818098.000.000) 02/20 17:16:19 Image size of job updated: 3423908
	3343  -  MemoryUsage of job (MB)
	3422924  -  ResidentSetSize of job (KB)
...
006 (15818098.000.000) 02/20 17:21:20 Image size of job updated: 3485148
	3403  -  MemoryUsage of job (MB)
	3484236  -  ResidentSetSize of job (KB)
...
006 (15818098.000.000) 02/20 17:36:21 Image size of job updated: 3566880
	3482  -  MemoryUsage of job (MB)
	3565000  -  ResidentSetSize of job (KB)
...
005 (15818098.000.000) 02/20 20:12:04 Job terminated.
	(1) Normal termination (return value 0)
		Usr 0 22:42:31, Sys 0 00:25:48  -  Run Remote Usage
		Usr 0 00:00:00, Sys 0 00:00:00  -  Run Local Usage
		Usr 0 22:42:31, Sys 0 00:25:48  -  Total Remote Usage
		Usr 0 00:00:00, Sys 0 00:00:00  -  Total Local Usage
	0  -  Run Bytes Sent By Job
	0  -  Run Bytes Received By Job
	0  -  Total Bytes Sent By Job
	0  -  Total Bytes Received By Job
	Partitionable Resources :    Usage  Request Allocated 
	   Admin_mutex_1         :                           0 
	   Admin_mutex_2         :                           0 
	   Admin_mutex_3         :                           0 
	   Cpus                  :     4.70        5         5 
	   Disk (KB)             :     3     1048576   3312996 
	   Gpus                  :                           0 
	   Machine_token         :                           0 
	   Memory (MB)           :  3482        5120      5120 
...
