000 (15382495.000.000) 02/14 15:10:00 Job submitted from host: <10.128.11.86:35145?addrs=10.128.11.86-35145>
...
001 (15382495.000.000) 02/14 15:16:00 Job executing on host: <10.128.10.150:42622?addrs=10.128.10.150-42622>
...
006 (15382495.000.000) 02/14 15:16:08 Image size of job updated: 129552
	82  -  MemoryUsage of job (MB)
	82996  -  ResidentSetSize of job (KB)
...
006 (15382495.000.000) 02/14 15:21:08 Image size of job updated: 2811840
	2701  -  MemoryUsage of job (MB)
	2764964  -  ResidentSetSize of job (KB)
...
006 (15382495.000.000) 02/14 15:26:08 Image size of job updated: 2863264
	2751  -  MemoryUsage of job (MB)
	2816388  -  ResidentSetSize of job (KB)
...
006 (15382495.000.000) 02/14 15:31:09 Image size of job updated: 2885692
	2773  -  MemoryUsage of job (MB)
	2838840  -  ResidentSetSize of job (KB)
...
006 (15382495.000.000) 02/14 15:36:10 Image size of job updated: 2935288
	2821  -  MemoryUsage of job (MB)
	2888436  -  ResidentSetSize of job (KB)
...
006 (15382495.000.000) 02/14 15:41:10 Image size of job updated: 3002416
	2887  -  MemoryUsage of job (MB)
	2955564  -  ResidentSetSize of job (KB)
...
006 (15382495.000.000) 02/14 15:46:10 Image size of job updated: 3016200
	2900  -  MemoryUsage of job (MB)
	2969348  -  ResidentSetSize of job (KB)
...
006 (15382495.000.000) 02/14 15:51:11 Image size of job updated: 3054504
	2938  -  MemoryUsage of job (MB)
	3007652  -  ResidentSetSize of job (KB)
...
006 (15382495.000.000) 02/14 15:56:12 Image size of job updated: 3086532
	2969  -  MemoryUsage of job (MB)
	3039680  -  ResidentSetSize of job (KB)
...
006 (15382495.000.000) 02/14 16:01:12 Image size of job updated: 3115004
	2997  -  MemoryUsage of job (MB)
	3068152  -  ResidentSetSize of job (KB)
...
006 (15382495.000.000) 02/14 16:06:13 Image size of job updated: 3149928
	3031  -  MemoryUsage of job (MB)
	3103076  -  ResidentSetSize of job (KB)
...
006 (15382495.000.000) 02/14 16:11:14 Image size of job updated: 3187364
	3067  -  MemoryUsage of job (MB)
	3140512  -  ResidentSetSize of job (KB)
...
006 (15382495.000.000) 02/14 16:16:14 Image size of job updated: 3187364
	3103  -  MemoryUsage of job (MB)
	3176932  -  ResidentSetSize of job (KB)
...
006 (15382495.000.000) 02/14 16:21:14 Image size of job updated: 3211340
	3135  -  MemoryUsage of job (MB)
	3209364  -  ResidentSetSize of job (KB)
...
006 (15382495.000.000) 02/14 16:26:15 Image size of job updated: 3254240
	3177  -  MemoryUsage of job (MB)
	3252264  -  ResidentSetSize of job (KB)
...
006 (15382495.000.000) 02/14 16:31:16 Image size of job updated: 3278088
	3200  -  MemoryUsage of job (MB)
	3276112  -  ResidentSetSize of job (KB)
...
006 (15382495.000.000) 02/14 16:36:16 Image size of job updated: 3304472
	3226  -  MemoryUsage of job (MB)
	3302496  -  ResidentSetSize of job (KB)
...
006 (15382495.000.000) 02/14 16:41:16 Image size of job updated: 3346716
	3267  -  MemoryUsage of job (MB)
	3344740  -  ResidentSetSize of job (KB)
...
006 (15382495.000.000) 02/14 16:46:17 Image size of job updated: 3381460
	3301  -  MemoryUsage of job (MB)
	3379484  -  ResidentSetSize of job (KB)
...
006 (15382495.000.000) 02/14 16:51:17 Image size of job updated: 3424764
	3343  -  MemoryUsage of job (MB)
	3422788  -  ResidentSetSize of job (KB)
...
006 (15382495.000.000) 02/14 16:56:17 Image size of job updated: 3459076
	3377  -  MemoryUsage of job (MB)
	3457100  -  ResidentSetSize of job (KB)
...
006 (15382495.000.000) 02/14 17:01:18 Image size of job updated: 3482656
	3400  -  MemoryUsage of job (MB)
	3480680  -  ResidentSetSize of job (KB)
...
006 (15382495.000.000) 02/14 17:06:19 Image size of job updated: 3529760
	3446  -  MemoryUsage of job (MB)
	3527784  -  ResidentSetSize of job (KB)
...
006 (15382495.000.000) 02/14 17:11:19 Image size of job updated: 3565740
	3481  -  MemoryUsage of job (MB)
	3563764  -  ResidentSetSize of job (KB)
...
006 (15382495.000.000) 02/14 17:16:19 Image size of job updated: 3612824
	3527  -  MemoryUsage of job (MB)
	3610848  -  ResidentSetSize of job (KB)
...
006 (15382495.000.000) 02/14 17:21:20 Image size of job updated: 3638612
	3552  -  MemoryUsage of job (MB)
	3636636  -  ResidentSetSize of job (KB)
...
006 (15382495.000.000) 02/14 17:26:20 Image size of job updated: 3671260
	3584  -  MemoryUsage of job (MB)
	3669284  -  ResidentSetSize of job (KB)
...
006 (15382495.000.000) 02/14 17:31:20 Image size of job updated: 3708516
	3620  -  MemoryUsage of job (MB)
	3706540  -  ResidentSetSize of job (KB)
...
006 (15382495.000.000) 02/14 17:36:21 Image size of job updated: 3757408
	3668  -  MemoryUsage of job (MB)
	3755432  -  ResidentSetSize of job (KB)
...
006 (15382495.000.000) 02/14 17:41:22 Image size of job updated: 3775512
	3686  -  MemoryUsage of job (MB)
	3774380  -  ResidentSetSize of job (KB)
...
006 (15382495.000.000) 02/14 17:46:22 Image size of job updated: 3809816
	3719  -  MemoryUsage of job (MB)
	3807460  -  ResidentSetSize of job (KB)
...
006 (15382495.000.000) 02/14 17:51:22 Image size of job updated: 3845404
	3753  -  MemoryUsage of job (MB)
	3843048  -  ResidentSetSize of job (KB)
...
006 (15382495.000.000) 02/14 17:56:22 Image size of job updated: 3876148
	3783  -  MemoryUsage of job (MB)
	3873792  -  ResidentSetSize of job (KB)
...
006 (15382495.000.000) 02/14 18:01:23 Image size of job updated: 3905884
	3813  -  MemoryUsage of job (MB)
	3903528  -  ResidentSetSize of job (KB)
...
006 (15382495.000.000) 02/14 18:06:24 Image size of job updated: 3943740
	3850  -  MemoryUsage of job (MB)
	3941384  -  ResidentSetSize of job (KB)
...
006 (15382495.000.000) 02/14 18:11:24 Image size of job updated: 3971816
	3877  -  MemoryUsage of job (MB)
	3969460  -  ResidentSetSize of job (KB)
...
006 (15382495.000.000) 02/14 18:16:24 Image size of job updated: 3997840
	3903  -  MemoryUsage of job (MB)
	3996444  -  ResidentSetSize of job (KB)
...
006 (15382495.000.000) 02/14 18:21:25 Image size of job updated: 4048104
	3952  -  MemoryUsage of job (MB)
	4046656  -  ResidentSetSize of job (KB)
...
006 (15382495.000.000) 02/14 18:26:25 Image size of job updated: 4069908
	3975  -  MemoryUsage of job (MB)
	4069516  -  ResidentSetSize of job (KB)
...
006 (15382495.000.000) 02/14 18:31:25 Image size of job updated: 4104224
	4008  -  MemoryUsage of job (MB)
	4103832  -  ResidentSetSize of job (KB)
...
006 (15382495.000.000) 02/14 18:36:26 Image size of job updated: 4154592
	4056  -  MemoryUsage of job (MB)
	4152580  -  ResidentSetSize of job (KB)
...
006 (15382495.000.000) 02/14 18:41:27 Image size of job updated: 4178276
	4079  -  MemoryUsage of job (MB)
	4176444  -  ResidentSetSize of job (KB)
...
006 (15382495.000.000) 02/14 18:46:27 Image size of job updated: 4207404
	4108  -  MemoryUsage of job (MB)
	4206148  -  ResidentSetSize of job (KB)
...
006 (15382495.000.000) 02/14 18:51:27 Image size of job updated: 4248812
	4149  -  MemoryUsage of job (MB)
	4247584  -  ResidentSetSize of job (KB)
...
006 (15382495.000.000) 02/14 18:56:28 Image size of job updated: 4278784
	4177  -  MemoryUsage of job (MB)
	4277100  -  ResidentSetSize of job (KB)
...
005 (15382495.000.000) 02/14 19:51:06 Job terminated.
	(1) Normal termination (return value 0)
		Usr 0 04:33:26, Sys 0 00:01:21  -  Run Remote Usage
		Usr 0 00:00:00, Sys 0 00:00:00  -  Run Local Usage
		Usr 0 04:33:26, Sys 0 00:01:21  -  Total Remote Usage
		Usr 0 00:00:00, Sys 0 00:00:00  -  Total Local Usage
	0  -  Run Bytes Sent By Job
	0  -  Run Bytes Received By Job
	0  -  Total Bytes Sent By Job
	0  -  Total Bytes Received By Job
	Partitionable Resources :    Usage  Request Allocated 
	   Admin_mutex_1         :                           0 
	   Admin_mutex_2         :                           0 
	   Admin_mutex_3         :                           0 
	   Cpus                  :     1.00        5         5 
	   Disk (KB)             :     3     1048576   1163585 
	   Gpus                  :                           0 
	   Machine_token         :                           0 
	   Memory (MB)           :  4177        5120      5120 
...
