000 (16085826.000.000) 02/26 13:44:10 Job submitted from host: <10.128.11.86:35145?addrs=10.128.11.86-35145>
...
001 (16085826.000.000) 02/26 13:49:15 Job executing on host: <10.128.10.221:35642?addrs=10.128.10.221-35642>
...
006 (16085826.000.000) 02/26 13:49:24 Image size of job updated: 375764
	335  -  MemoryUsage of job (MB)
	342856  -  ResidentSetSize of job (KB)
...
006 (16085826.000.000) 02/26 13:54:25 Image size of job updated: 1797204
	1723  -  MemoryUsage of job (MB)
	1763964  -  ResidentSetSize of job (KB)
...
006 (16085826.000.000) 02/26 13:59:25 Image size of job updated: 1819676
	1745  -  MemoryUsage of job (MB)
	1786436  -  ResidentSetSize of job (KB)
...
006 (16085826.000.000) 02/26 14:04:25 Image size of job updated: 1819676
	1745  -  MemoryUsage of job (MB)
	1786444  -  ResidentSetSize of job (KB)
...
006 (16085826.000.000) 02/26 14:09:26 Image size of job updated: 1878228
	1802  -  MemoryUsage of job (MB)
	1844988  -  ResidentSetSize of job (KB)
...
006 (16085826.000.000) 02/26 14:14:27 Image size of job updated: 1879740
	1835  -  MemoryUsage of job (MB)
	1878640  -  ResidentSetSize of job (KB)
...
006 (16085826.000.000) 02/26 14:19:27 Image size of job updated: 1879740
	1836  -  MemoryUsage of job (MB)
	1879836  -  ResidentSetSize of job (KB)
...
005 (16085826.000.000) 02/26 14:22:54 Job terminated.
	(1) Normal termination (return value 0)
		Usr 0 02:10:40, Sys 0 00:05:20  -  Run Remote Usage
		Usr 0 00:00:00, Sys 0 00:00:00  -  Run Local Usage
		Usr 0 02:10:40, Sys 0 00:05:20  -  Total Remote Usage
		Usr 0 00:00:00, Sys 0 00:00:00  -  Total Local Usage
	0  -  Run Bytes Sent By Job
	0  -  Run Bytes Received By Job
	0  -  Total Bytes Sent By Job
	0  -  Total Bytes Received By Job
	Partitionable Resources :    Usage  Request Allocated 
	   Admin_mutex_1         :                           0 
	   Admin_mutex_2         :                           0 
	   Admin_mutex_3         :                           0 
	   Cpus                  :     5.19        5         5 
	   Disk (KB)             :     3     1048576   1611300 
	   Gpus                  :                           0 
	   Machine_token         :                           0 
	   Memory (MB)           :  1836       10240     10240 
...
