000 (16658271.000.000) 03/05 07:43:32 Job submitted from host: <10.128.11.86:35145?addrs=10.128.11.86-35145>
...
001 (16658271.000.000) 03/05 07:48:48 Job executing on host: <10.128.11.56:36392?addrs=10.128.11.56-36392>
...
006 (16658271.000.000) 03/05 07:48:56 Image size of job updated: 194884
	143  -  MemoryUsage of job (MB)
	146240  -  ResidentSetSize of job (KB)
...
006 (16658271.000.000) 03/05 07:53:56 Image size of job updated: 2844156
	2730  -  MemoryUsage of job (MB)
	2794900  -  ResidentSetSize of job (KB)
...
006 (16658271.000.000) 03/05 07:58:57 Image size of job updated: 3046320
	2929  -  MemoryUsage of job (MB)
	2998672  -  ResidentSetSize of job (KB)
...
006 (16658271.000.000) 03/05 08:03:58 Image size of job updated: 3794332
	3659  -  MemoryUsage of job (MB)
	3746664  -  ResidentSetSize of job (KB)
...
006 (16658271.000.000) 03/05 08:08:58 Image size of job updated: 3794332
	3659  -  MemoryUsage of job (MB)
	3746752  -  ResidentSetSize of job (KB)
...
006 (16658271.000.000) 03/05 08:18:59 Image size of job updated: 3904332
	3810  -  MemoryUsage of job (MB)
	3900912  -  ResidentSetSize of job (KB)
...
006 (16658271.000.000) 03/05 08:34:01 Image size of job updated: 4857368
	4742  -  MemoryUsage of job (MB)
	4855444  -  ResidentSetSize of job (KB)
...
006 (16658271.000.000) 03/05 09:04:04 Image size of job updated: 5039520
	4921  -  MemoryUsage of job (MB)
	5038728  -  ResidentSetSize of job (KB)
...
006 (16658271.000.000) 03/05 09:09:05 Image size of job updated: 5623448
	5490  -  MemoryUsage of job (MB)
	5621248  -  ResidentSetSize of job (KB)
...
006 (16658271.000.000) 03/05 09:14:05 Image size of job updated: 5623448
	5490  -  MemoryUsage of job (MB)
	5621252  -  ResidentSetSize of job (KB)
...
005 (16658271.000.000) 03/05 11:00:27 Job terminated.
	(1) Normal termination (return value 0)
		Usr 0 13:29:21, Sys 0 00:37:04  -  Run Remote Usage
		Usr 0 00:00:00, Sys 0 00:00:00  -  Run Local Usage
		Usr 0 13:29:21, Sys 0 00:37:04  -  Total Remote Usage
		Usr 0 00:00:00, Sys 0 00:00:00  -  Total Local Usage
	0  -  Run Bytes Sent By Job
	0  -  Run Bytes Received By Job
	0  -  Total Bytes Sent By Job
	0  -  Total Bytes Received By Job
	Partitionable Resources :    Usage  Request Allocated 
	   Admin_mutex_1         :                           0 
	   Admin_mutex_2         :                           0 
	   Admin_mutex_3         :                           0 
	   Cpus                  :     5.00        5         5 
	   Disk (KB)             :     3     1048576   3312778 
	   Gpus                  :                           0 
	   Machine_token         :                           0 
	   Memory (MB)           :  5490       10240     10240 
...
