000 (16085839.000.000) 02/26 13:44:31 Job submitted from host: <10.128.11.86:35145?addrs=10.128.11.86-35145>
...
001 (16085839.000.000) 02/26 13:50:15 Job executing on host: <10.128.10.31:58136?addrs=10.128.10.31-58136>
...
006 (16085839.000.000) 02/26 13:50:23 Image size of job updated: 110036
	52  -  MemoryUsage of job (MB)
	52844  -  ResidentSetSize of job (KB)
...
006 (16085839.000.000) 02/26 13:55:23 Image size of job updated: 2054024
	1968  -  MemoryUsage of job (MB)
	2015036  -  ResidentSetSize of job (KB)
...
006 (16085839.000.000) 02/26 14:05:25 Image size of job updated: 2306508
	2215  -  MemoryUsage of job (MB)
	2267572  -  ResidentSetSize of job (KB)
...
006 (16085839.000.000) 02/26 14:20:26 Image size of job updated: 2548856
	2454  -  MemoryUsage of job (MB)
	2512188  -  ResidentSetSize of job (KB)
...
006 (16085839.000.000) 02/26 14:25:27 Image size of job updated: 2909084
	2806  -  MemoryUsage of job (MB)
	2872416  -  ResidentSetSize of job (KB)
...
006 (16085839.000.000) 02/26 14:55:29 Image size of job updated: 3325632
	3245  -  MemoryUsage of job (MB)
	3322776  -  ResidentSetSize of job (KB)
...
006 (16085839.000.000) 02/26 15:45:34 Image size of job updated: 3551144
	3465  -  MemoryUsage of job (MB)
	3548020  -  ResidentSetSize of job (KB)
...
006 (16085839.000.000) 02/26 15:50:40 Image size of job updated: 3551144
	3471  -  MemoryUsage of job (MB)
	3553632  -  ResidentSetSize of job (KB)
...
005 (16085839.000.000) 02/26 16:55:22 Job terminated.
	(1) Normal termination (return value 0)
		Usr 0 13:44:33, Sys 0 00:19:15  -  Run Remote Usage
		Usr 0 00:00:00, Sys 0 00:00:00  -  Run Local Usage
		Usr 0 13:44:33, Sys 0 00:19:15  -  Total Remote Usage
		Usr 0 00:00:00, Sys 0 00:00:00  -  Total Local Usage
	0  -  Run Bytes Sent By Job
	0  -  Run Bytes Received By Job
	0  -  Total Bytes Sent By Job
	0  -  Total Bytes Received By Job
	Partitionable Resources :    Usage  Request Allocated 
	   Admin_mutex_1         :                           0 
	   Admin_mutex_2         :                           0 
	   Admin_mutex_3         :                           0 
	   Cpus                  :     4.47        5         5 
	   Disk (KB)             :     3     1048576   1610751 
	   Gpus                  :                           0 
	   Machine_token         :                           0 
	   Memory (MB)           :  3471       10240     10240 
...
