000 (16085884.000.000) 02/26 13:45:39 Job submitted from host: <10.128.11.86:35145?addrs=10.128.11.86-35145>
...
001 (16085884.000.000) 02/26 13:54:18 Job executing on host: <10.128.10.182:48489?addrs=10.128.10.182-48489>
...
006 (16085884.000.000) 02/26 13:54:27 Image size of job updated: 499096
	441  -  MemoryUsage of job (MB)
	450916  -  ResidentSetSize of job (KB)
...
006 (16085884.000.000) 02/26 13:59:28 Image size of job updated: 1848224
	1765  -  MemoryUsage of job (MB)
	1806744  -  ResidentSetSize of job (KB)
...
006 (16085884.000.000) 02/26 14:09:28 Image size of job updated: 1935636
	1850  -  MemoryUsage of job (MB)
	1894112  -  ResidentSetSize of job (KB)
...
006 (16085884.000.000) 02/26 14:19:30 Image size of job updated: 2079976
	2029  -  MemoryUsage of job (MB)
	2076952  -  ResidentSetSize of job (KB)
...
006 (16085884.000.000) 02/26 14:24:30 Image size of job updated: 2142952
	2090  -  MemoryUsage of job (MB)
	2140100  -  ResidentSetSize of job (KB)
...
006 (16085884.000.000) 02/26 14:29:30 Image size of job updated: 2142952
	2090  -  MemoryUsage of job (MB)
	2140104  -  ResidentSetSize of job (KB)
...
006 (16085884.000.000) 02/26 14:52:46 Image size of job updated: 4372516
	2090  -  MemoryUsage of job (MB)
	2140104  -  ResidentSetSize of job (KB)
...
005 (16085884.000.000) 02/26 14:52:46 Job terminated.
	(1) Normal termination (return value 0)
		Usr 0 04:01:26, Sys 0 00:08:29  -  Run Remote Usage
		Usr 0 00:00:00, Sys 0 00:00:00  -  Run Local Usage
		Usr 0 04:01:26, Sys 0 00:08:29  -  Total Remote Usage
		Usr 0 00:00:00, Sys 0 00:00:00  -  Total Local Usage
	0  -  Run Bytes Sent By Job
	0  -  Run Bytes Received By Job
	0  -  Total Bytes Sent By Job
	0  -  Total Bytes Received By Job
	Partitionable Resources :    Usage  Request Allocated 
	   Admin_mutex_1         :                           0 
	   Admin_mutex_2         :                           0 
	   Admin_mutex_3         :                           0 
	   Cpus                  :     4.49        5         5 
	   Disk (KB)             :     3     1048576   1612036 
	   Gpus                  :                           0 
	   Machine_token         :                           0 
	   Memory (MB)           :  2090       10240     10240 
...
