000 (16525753.000.000) 03/04 08:59:36 Job submitted from host: <10.128.11.86:35145?addrs=10.128.11.86-35145>
...
001 (16525753.000.000) 03/04 09:01:36 Job executing on host: <10.128.11.52:43674?addrs=10.128.11.52-43674>
...
006 (16525753.000.000) 03/04 09:01:44 Image size of job updated: 676452
	614  -  MemoryUsage of job (MB)
	627800  -  ResidentSetSize of job (KB)
...
006 (16525753.000.000) 03/04 09:06:44 Image size of job updated: 1721296
	1641  -  MemoryUsage of job (MB)
	1680360  -  ResidentSetSize of job (KB)
...
006 (16525753.000.000) 03/04 09:11:45 Image size of job updated: 2477960
	2381  -  MemoryUsage of job (MB)
	2437608  -  ResidentSetSize of job (KB)
...
006 (16525753.000.000) 03/04 09:21:46 Image size of job updated: 2788216
	2721  -  MemoryUsage of job (MB)
	2786248  -  ResidentSetSize of job (KB)
...
005 (16525753.000.000) 03/04 09:50:42 Job terminated.
	(1) Normal termination (return value 0)
		Usr 0 02:48:55, Sys 0 00:13:00  -  Run Remote Usage
		Usr 0 00:00:00, Sys 0 00:00:00  -  Run Local Usage
		Usr 0 02:48:55, Sys 0 00:13:00  -  Total Remote Usage
		Usr 0 00:00:00, Sys 0 00:00:00  -  Total Local Usage
	0  -  Run Bytes Sent By Job
	0  -  Run Bytes Received By Job
	0  -  Total Bytes Sent By Job
	0  -  Total Bytes Received By Job
	Partitionable Resources :    Usage  Request Allocated 
	   Admin_mutex_1         :                           0 
	   Admin_mutex_2         :                           0 
	   Admin_mutex_3         :                           0 
	   Cpus                  :     0.10        5         5 
	   Disk (KB)             :     3     1048576   3301689 
	   Gpus                  :                           0 
	   Machine_token         :                           0 
	   Memory (MB)           :  2721       10240     10240 
...
