000 (15266759.000.000) 02/13 14:47:51 Job submitted from host: <10.128.11.86:35145?addrs=10.128.11.86-35145>
...
001 (15266759.000.000) 02/13 14:53:31 Job executing on host: <10.128.10.88:40138?addrs=10.128.10.88-40138>
...
006 (15266759.000.000) 02/13 14:53:40 Image size of job updated: 125472
	81  -  MemoryUsage of job (MB)
	82828  -  ResidentSetSize of job (KB)
...
006 (15266759.000.000) 02/13 14:58:41 Image size of job updated: 1806720
	1723  -  MemoryUsage of job (MB)
	1763524  -  ResidentSetSize of job (KB)
...
006 (15266759.000.000) 02/13 15:03:41 Image size of job updated: 1832800
	1748  -  MemoryUsage of job (MB)
	1789588  -  ResidentSetSize of job (KB)
...
006 (15266759.000.000) 02/13 15:08:41 Image size of job updated: 1857248
	1772  -  MemoryUsage of job (MB)
	1814036  -  ResidentSetSize of job (KB)
...
006 (15266759.000.000) 02/13 15:13:42 Image size of job updated: 1857248
	1789  -  MemoryUsage of job (MB)
	1831700  -  ResidentSetSize of job (KB)
...
006 (15266759.000.000) 02/13 15:23:42 Image size of job updated: 1857248
	1789  -  MemoryUsage of job (MB)
	1831768  -  ResidentSetSize of job (KB)
...
006 (15266759.000.000) 02/13 15:28:43 Image size of job updated: 1857248
	1791  -  MemoryUsage of job (MB)
	1833596  -  ResidentSetSize of job (KB)
...
006 (15266759.000.000) 02/13 15:33:44 Image size of job updated: 1860224
	1816  -  MemoryUsage of job (MB)
	1858988  -  ResidentSetSize of job (KB)
...
006 (15266759.000.000) 02/13 15:38:44 Image size of job updated: 1881624
	1837  -  MemoryUsage of job (MB)
	1880388  -  ResidentSetSize of job (KB)
...
006 (15266759.000.000) 02/13 15:58:47 Image size of job updated: 1882148
	1837  -  MemoryUsage of job (MB)
	1880920  -  ResidentSetSize of job (KB)
...
006 (15266759.000.000) 02/13 16:03:48 Image size of job updated: 1883328
	1838  -  MemoryUsage of job (MB)
	1882100  -  ResidentSetSize of job (KB)
...
006 (15266759.000.000) 02/13 16:08:48 Image size of job updated: 1898924
	1854  -  MemoryUsage of job (MB)
	1897696  -  ResidentSetSize of job (KB)
...
006 (15266759.000.000) 02/13 16:28:49 Image size of job updated: 1899148
	1854  -  MemoryUsage of job (MB)
	1898116  -  ResidentSetSize of job (KB)
...
006 (15266759.000.000) 02/13 16:33:50 Image size of job updated: 1899724
	1855  -  MemoryUsage of job (MB)
	1898692  -  ResidentSetSize of job (KB)
...
006 (15266759.000.000) 02/13 16:38:51 Image size of job updated: 1915740
	1870  -  MemoryUsage of job (MB)
	1914708  -  ResidentSetSize of job (KB)
...
006 (15266759.000.000) 02/13 16:43:51 Image size of job updated: 1919972
	1874  -  MemoryUsage of job (MB)
	1918856  -  ResidentSetSize of job (KB)
...
006 (15266759.000.000) 02/13 16:48:52 Image size of job updated: 1957748
	1911  -  MemoryUsage of job (MB)
	1956504  -  ResidentSetSize of job (KB)
...
006 (15266759.000.000) 02/13 16:53:53 Image size of job updated: 2091348
	2042  -  MemoryUsage of job (MB)
	2090104  -  ResidentSetSize of job (KB)
...
006 (15266759.000.000) 02/13 16:58:53 Image size of job updated: 2240320
	2187  -  MemoryUsage of job (MB)
	2239076  -  ResidentSetSize of job (KB)
...
006 (15266759.000.000) 02/13 17:03:54 Image size of job updated: 2389836
	2333  -  MemoryUsage of job (MB)
	2388592  -  ResidentSetSize of job (KB)
...
006 (15266759.000.000) 02/13 17:08:55 Image size of job updated: 2527480
	2468  -  MemoryUsage of job (MB)
	2526236  -  ResidentSetSize of job (KB)
...
006 (15266759.000.000) 02/13 17:13:55 Image size of job updated: 2670432
	2608  -  MemoryUsage of job (MB)
	2669840  -  ResidentSetSize of job (KB)
...
006 (15266759.000.000) 02/13 17:18:55 Image size of job updated: 2812784
	2747  -  MemoryUsage of job (MB)
	2812192  -  ResidentSetSize of job (KB)
...
006 (15266759.000.000) 02/13 17:23:56 Image size of job updated: 2955536
	2886  -  MemoryUsage of job (MB)
	2954944  -  ResidentSetSize of job (KB)
...
006 (15266759.000.000) 02/13 17:28:56 Image size of job updated: 2964592
	2895  -  MemoryUsage of job (MB)
	2963916  -  ResidentSetSize of job (KB)
...
006 (15266759.000.000) 02/13 18:19:01 Image size of job updated: 2964728
	2895  -  MemoryUsage of job (MB)
	2963916  -  ResidentSetSize of job (KB)
...
006 (15266759.000.000) 02/13 18:49:04 Image size of job updated: 2964732
	2895  -  MemoryUsage of job (MB)
	2963916  -  ResidentSetSize of job (KB)
...
006 (15266759.000.000) 02/13 18:59:05 Image size of job updated: 2964752
	2895  -  MemoryUsage of job (MB)
	2963916  -  ResidentSetSize of job (KB)
...
006 (15266759.000.000) 02/13 19:09:06 Image size of job updated: 2964916
	2895  -  MemoryUsage of job (MB)
	2963916  -  ResidentSetSize of job (KB)
...
006 (15266759.000.000) 02/13 19:44:08 Image size of job updated: 2965064
	2895  -  MemoryUsage of job (MB)
	2963916  -  ResidentSetSize of job (KB)
...
006 (15266759.000.000) 02/14 01:09:41 Image size of job updated: 2972288
	2902  -  MemoryUsage of job (MB)
	2970868  -  ResidentSetSize of job (KB)
...
006 (15266759.000.000) 02/14 01:14:43 Image size of job updated: 3078872
	3006  -  MemoryUsage of job (MB)
	3077452  -  ResidentSetSize of job (KB)
...
006 (15266759.000.000) 02/14 01:19:43 Image size of job updated: 3168528
	3093  -  MemoryUsage of job (MB)
	3167016  -  ResidentSetSize of job (KB)
...
006 (15266759.000.000) 02/14 07:20:20 Image size of job updated: 3246212
	3169  -  MemoryUsage of job (MB)
	3244088  -  ResidentSetSize of job (KB)
...
006 (15266759.000.000) 02/14 07:20:51 Image size of job updated: 3270556
	3192  -  MemoryUsage of job (MB)
	3268432  -  ResidentSetSize of job (KB)
...
004 (15266759.000.000) 02/14 07:20:51 Job was evicted.
	(0) Job was not checkpointed.
		Usr 0 16:04:12, Sys 0 00:07:12  -  Run Remote Usage
		Usr 0 00:00:00, Sys 0 00:00:00  -  Run Local Usage
	0  -  Run Bytes Sent By Job
	0  -  Run Bytes Received By Job
	Partitionable Resources :    Usage  Request Allocated 
	   Admin_mutex_1         :                           0 
	   Admin_mutex_2         :                           0 
	   Admin_mutex_3         :                           0 
	   Cpus                  :     1.00        1         1 
	   Disk (KB)             :     3     1048576   1704383 
	   Gpus                  :                           0 
	   Machine_token         :                           0 
	   Memory (MB)           :  3192        5120      5120 
...
009 (15266759.000.000) 02/14 07:20:51 Job was aborted by the user.
	via condor_rm (by user drysewyk)
...
